mode: set
eve.evalgo.org/storage/s3aws.go:168.113,170.16 2 0
eve.evalgo.org/storage/s3aws.go:170.16,172.3 1 0
eve.evalgo.org/storage/s3aws.go:173.2,181.16 3 0
eve.evalgo.org/storage/s3aws.go:181.16,183.3 1 0
eve.evalgo.org/storage/s3aws.go:185.2,186.12 2 0
eve.evalgo.org/storage/s3aws.go:223.92,227.16 2 0
eve.evalgo.org/storage/s3aws.go:227.16,229.3 1 0
eve.evalgo.org/storage/s3aws.go:231.2,234.16 2 0
eve.evalgo.org/storage/s3aws.go:234.16,236.3 1 0
eve.evalgo.org/storage/s3aws.go:237.2,237.12 1 0
eve.evalgo.org/storage/s3aws.go:285.119,291.79 2 1
eve.evalgo.org/storage/s3aws.go:291.79,297.5 1 1
eve.evalgo.org/storage/s3aws.go:299.2,299.16 1 1
eve.evalgo.org/storage/s3aws.go:299.16,301.3 1 0
eve.evalgo.org/storage/s3aws.go:304.2,304.54 1 1
eve.evalgo.org/storage/s3aws.go:304.54,307.3 2 1
eve.evalgo.org/storage/s3aws.go:310.2,314.16 2 1
eve.evalgo.org/storage/s3aws.go:314.16,316.3 1 0
eve.evalgo.org/storage/s3aws.go:318.2,318.29 1 1
eve.evalgo.org/storage/s3aws.go:375.117,381.79 2 1
eve.evalgo.org/storage/s3aws.go:381.79,387.5 1 1
eve.evalgo.org/storage/s3aws.go:389.2,389.16 1 1
eve.evalgo.org/storage/s3aws.go:389.16,391.3 1 0
eve.evalgo.org/storage/s3aws.go:394.2,394.54 1 1
eve.evalgo.org/storage/s3aws.go:394.54,397.3 2 1
eve.evalgo.org/storage/s3aws.go:400.2,403.16 2 1
eve.evalgo.org/storage/s3aws.go:403.16,405.3 1 0
eve.evalgo.org/storage/s3aws.go:408.2,412.16 2 1
eve.evalgo.org/storage/s3aws.go:412.16,414.29 2 1
eve.evalgo.org/storage/s3aws.go:414.29,416.4 1 1
eve.evalgo.org/storage/s3aws.go:417.3,417.93 1 0
eve.evalgo.org/storage/s3aws.go:419.2,422.69 2 1
eve.evalgo.org/storage/s3aws.go:422.69,424.3 1 0
eve.evalgo.org/storage/s3aws.go:427.2,428.16 2 1
eve.evalgo.org/storage/s3aws.go:428.16,430.3 1 0
eve.evalgo.org/storage/s3aws.go:431.2,435.16 3 1
eve.evalgo.org/storage/s3aws.go:435.16,437.3 1 0
eve.evalgo.org/storage/s3aws.go:439.2,439.12 1 1
eve.evalgo.org/storage/s3aws.go:483.123,489.79 2 1
eve.evalgo.org/storage/s3aws.go:489.79,495.5 1 1
eve.evalgo.org/storage/s3aws.go:497.2,497.16 1 1
eve.evalgo.org/storage/s3aws.go:497.16,499.3 1 0
eve.evalgo.org/storage/s3aws.go:502.2,502.54 1 1
eve.evalgo.org/storage/s3aws.go:502.54,505.3 2 1
eve.evalgo.org/storage/s3aws.go:508.2,512.16 2 1
eve.evalgo.org/storage/s3aws.go:512.16,514.3 1 0
eve.evalgo.org/storage/s3aws.go:517.2,517.39 1 1
eve.evalgo.org/storage/s3aws.go:517.39,519.102 2 1
eve.evalgo.org/storage/s3aws.go:519.102,521.4 1 0
eve.evalgo.org/storage/s3aws.go:524.2,524.12 1 1
eve.evalgo.org/storage/s3aws.go:555.110,561.79 2 1
eve.evalgo.org/storage/s3aws.go:561.79,567.5 1 1
eve.evalgo.org/storage/s3aws.go:569.2,569.16 1 1
eve.evalgo.org/storage/s3aws.go:569.16,571.3 1 0
eve.evalgo.org/storage/s3aws.go:574.2,574.54 1 1
eve.evalgo.org/storage/s3aws.go:574.54,577.3 2 1
eve.evalgo.org/storage/s3aws.go:580.2,583.16 2 1
eve.evalgo.org/storage/s3aws.go:583.16,585.3 1 0
eve.evalgo.org/storage/s3aws.go:588.2,591.16 2 1
eve.evalgo.org/storage/s3aws.go:591.16,593.3 1 0
eve.evalgo.org/storage/s3aws.go:595.2,595.29 1 1
eve.evalgo.org/storage/s3aws.go:641.114,647.79 2 1
eve.evalgo.org/storage/s3aws.go:647.79,653.5 1 1
eve.evalgo.org/storage/s3aws.go:655.2,655.16 1 1
eve.evalgo.org/storage/s3aws.go:655.16,657.3 1 0
eve.evalgo.org/storage/s3aws.go:660.2,660.54 1 1
eve.evalgo.org/storage/s3aws.go:660.54,662.3 1 1
eve.evalgo.org/storage/s3aws.go:663.2,667.16 3 1
eve.evalgo.org/storage/s3aws.go:667.16,669.3 1 0
eve.evalgo.org/storage/s3aws.go:670.2,674.16 3 1
eve.evalgo.org/storage/s3aws.go:674.16,676.3 1 0
eve.evalgo.org/storage/s3aws.go:679.2,687.16 2 1
eve.evalgo.org/storage/s3aws.go:687.16,689.3 1 0
eve.evalgo.org/storage/s3aws.go:691.2,691.12 1 1
eve.evalgo.org/storage/s3aws.go:730.117,732.16 2 1
eve.evalgo.org/storage/s3aws.go:732.16,734.3 1 0
eve.evalgo.org/storage/s3aws.go:735.2,739.16 3 1
eve.evalgo.org/storage/s3aws.go:739.16,741.3 1 0
eve.evalgo.org/storage/s3aws.go:744.2,752.16 2 1
eve.evalgo.org/storage/s3aws.go:752.16,754.3 1 0
eve.evalgo.org/storage/s3aws.go:756.2,756.12 1 1
eve.evalgo.org/storage/s3aws.go:821.168,825.41 1 1
eve.evalgo.org/storage/s3aws.go:825.41,827.4 1 1
eve.evalgo.org/storage/s3aws.go:829.79,835.5 1 1
eve.evalgo.org/storage/s3aws.go:837.2,837.16 1 1
eve.evalgo.org/storage/s3aws.go:837.16,839.3 1 0
eve.evalgo.org/storage/s3aws.go:842.2,842.54 1 1
eve.evalgo.org/storage/s3aws.go:842.54,844.3 1 1
eve.evalgo.org/storage/s3aws.go:845.2,849.16 3 1
eve.evalgo.org/storage/s3aws.go:849.16,851.3 1 0
eve.evalgo.org/storage/s3aws.go:854.2,854.18 1 1
eve.evalgo.org/storage/s3aws.go:854.18,856.3 1 1
eve.evalgo.org/storage/s3aws.go:857.2,857.93 1 1
eve.evalgo.org/storage/s3aws.go:916.183,923.33 4 1
eve.evalgo.org/storage/s3aws.go:923.33,926.28 2 1
eve.evalgo.org/storage/s3aws.go:926.28,931.17 3 1
eve.evalgo.org/storage/s3aws.go:931.17,931.32 1 1
eve.evalgo.org/storage/s3aws.go:933.4,940.18 3 1
eve.evalgo.org/storage/s3aws.go:940.18,944.5 3 0
eve.evalgo.org/storage/s3aws.go:947.4,951.97 3 1
eve.evalgo.org/storage/s3aws.go:951.97,953.5 1 0
eve.evalgo.org/storage/s3aws.go:953.10,955.5 1 1
eve.evalgo.org/storage/s3aws.go:957.4,957.25 1 1
eve.evalgo.org/storage/s3aws.go:962.2,971.34 4 1
eve.evalgo.org/storage/s3aws.go:971.34,973.21 2 1
eve.evalgo.org/storage/s3aws.go:973.21,975.4 1 1
eve.evalgo.org/storage/s3aws.go:975.9,977.56 2 0
eve.evalgo.org/storage/s3aws.go:977.56,979.5 1 0
eve.evalgo.org/storage/s3aws.go:983.2,983.36 1 1
eve.evalgo.org/storage/s3aws.go:1055.182,1062.39 4 1
eve.evalgo.org/storage/s3aws.go:1062.39,1065.24 2 1
eve.evalgo.org/storage/s3aws.go:1065.24,1070.17 3 1
eve.evalgo.org/storage/s3aws.go:1070.17,1070.32 1 1
eve.evalgo.org/storage/s3aws.go:1072.4,1079.18 3 1
eve.evalgo.org/storage/s3aws.go:1079.18,1083.5 3 0
eve.evalgo.org/storage/s3aws.go:1085.4,1090.18 4 1
eve.evalgo.org/storage/s3aws.go:1090.18,1094.5 3 0
eve.evalgo.org/storage/s3aws.go:1097.4,1102.18 2 1
eve.evalgo.org/storage/s3aws.go:1102.18,1105.26 2 1
eve.evalgo.org/storage/s3aws.go:1105.26,1111.6 5 1
eve.evalgo.org/storage/s3aws.go:1115.4,1115.93 1 1
eve.evalgo.org/storage/s3aws.go:1115.93,1117.5 1 0
eve.evalgo.org/storage/s3aws.go:1117.10,1119.5 1 1
eve.evalgo.org/storage/s3aws.go:1121.4,1121.25 1 1
eve.evalgo.org/storage/s3aws.go:1126.2,1135.34 4 1
eve.evalgo.org/storage/s3aws.go:1135.34,1137.21 2 1
eve.evalgo.org/storage/s3aws.go:1137.21,1139.22 2 1
eve.evalgo.org/storage/s3aws.go:1139.22,1141.5 1 1
eve.evalgo.org/storage/s3aws.go:1142.9,1144.56 2 0
eve.evalgo.org/storage/s3aws.go:1144.56,1146.5 1 0
eve.evalgo.org/storage/s3aws.go:1150.2,1150.36 1 1
eve.evalgo.org/storage/s3aws.go:1192.118,1197.79 1 1
eve.evalgo.org/storage/s3aws.go:1197.79,1202.5 1 1
eve.evalgo.org/storage/s3aws.go:1204.2,1204.16 1 1
eve.evalgo.org/storage/s3aws.go:1204.16,1206.3 1 0
eve.evalgo.org/storage/s3aws.go:1209.2,1209.54 1 1
eve.evalgo.org/storage/s3aws.go:1209.54,1211.3 1 1
eve.evalgo.org/storage/s3aws.go:1214.2,1217.16 2 1
eve.evalgo.org/storage/s3aws.go:1217.16,1219.3 1 0
eve.evalgo.org/storage/s3aws.go:1221.2,1221.29 1 1
eve.evalgo.org/storage/s3aws.go:1271.54,1273.82 2 1
eve.evalgo.org/storage/s3aws.go:1273.82,1274.17 1 1
eve.evalgo.org/storage/s3aws.go:1274.17,1276.4 1 1
eve.evalgo.org/storage/s3aws.go:1277.3,1277.20 1 1
eve.evalgo.org/storage/s3aws.go:1277.20,1279.4 1 1
eve.evalgo.org/storage/s3aws.go:1280.3,1280.13 1 1
eve.evalgo.org/storage/s3aws.go:1282.2,1282.16 1 1
eve.evalgo.org/storage/s3aws.go:1282.16,1284.3 1 1
eve.evalgo.org/storage/s3aws.go:1285.2,1285.19 1 1
eve.evalgo.org/storage/s3aws.go:1344.48,1346.16 2 1
eve.evalgo.org/storage/s3aws.go:1346.16,1348.3 1 1
eve.evalgo.org/storage/s3aws.go:1349.2,1353.47 3 1
eve.evalgo.org/storage/s3aws.go:1353.47,1355.3 1 0
eve.evalgo.org/storage/s3aws.go:1358.2,1358.46 1 1
