mode: set
eve.evalgo.org/assets/inventory.go:52.54,61.2 1 1
eve.evalgo.org/assets/inventory.go:82.57,88.26 4 1
eve.evalgo.org/assets/inventory.go:88.26,90.3 1 1
eve.evalgo.org/assets/inventory.go:90.8,92.3 1 1
eve.evalgo.org/assets/inventory.go:94.2,98.15 4 1
eve.evalgo.org/assets/inventory.go:142.57,144.2 1 1
eve.evalgo.org/assets/inventory.go:218.97,221.16 2 1
eve.evalgo.org/assets/inventory.go:221.16,224.3 2 1
eve.evalgo.org/assets/inventory.go:227.2,232.16 4 1
eve.evalgo.org/assets/inventory.go:232.16,235.3 2 0
eve.evalgo.org/assets/inventory.go:238.2,243.16 4 1
eve.evalgo.org/assets/inventory.go:243.16,246.3 2 0
eve.evalgo.org/assets/inventory.go:247.2,251.16 3 1
eve.evalgo.org/assets/inventory.go:251.16,254.3 2 0
eve.evalgo.org/assets/inventory.go:257.2,257.51 1 1
eve.evalgo.org/assets/inventory.go:257.51,260.3 2 1
eve.evalgo.org/assets/inventory.go:262.2,262.21 1 1
eve.evalgo.org/archive/unzip.go:85.44,91.16 3 1
eve.evalgo.org/archive/unzip.go:91.16,92.13 1 1
eve.evalgo.org/archive/unzip.go:94.2,97.33 2 1
eve.evalgo.org/archive/unzip.go:97.33,104.85 3 1
eve.evalgo.org/archive/unzip.go:104.85,107.4 2 1
eve.evalgo.org/archive/unzip.go:110.3,110.27 1 1
eve.evalgo.org/archive/unzip.go:110.27,113.12 3 1
eve.evalgo.org/archive/unzip.go:117.3,117.74 1 1
eve.evalgo.org/archive/unzip.go:117.74,118.14 1 0
eve.evalgo.org/archive/unzip.go:122.3,123.17 2 1
eve.evalgo.org/archive/unzip.go:123.17,124.14 1 0
eve.evalgo.org/archive/unzip.go:128.3,129.17 2 1
eve.evalgo.org/archive/unzip.go:129.17,130.14 1 0
eve.evalgo.org/archive/unzip.go:134.3,134.60 1 1
eve.evalgo.org/archive/unzip.go:134.60,135.14 1 0
eve.evalgo.org/archive/unzip.go:139.3,140.24 2 1
eve.evalgo.org/security/certs.go:87.28,89.16 2 1
eve.evalgo.org/security/certs.go:89.16,90.13 1 0
eve.evalgo.org/security/certs.go:92.2,92.10 1 1
eve.evalgo.org/security/certs.go:113.63,116.16 2 1
eve.evalgo.org/security/certs.go:116.16,118.3 1 0
eve.evalgo.org/security/certs.go:121.2,122.16 2 1
eve.evalgo.org/security/certs.go:122.16,124.3 1 0
eve.evalgo.org/security/certs.go:126.2,127.16 2 1
eve.evalgo.org/security/certs.go:127.16,129.3 1 1
eve.evalgo.org/security/certs.go:130.2,136.16 3 1
eve.evalgo.org/security/certs.go:136.16,138.3 1 0
eve.evalgo.org/security/certs.go:141.2,153.16 4 1
eve.evalgo.org/security/certs.go:153.16,155.3 1 0
eve.evalgo.org/security/certs.go:158.2,159.16 2 1
eve.evalgo.org/security/certs.go:159.16,161.3 1 1
eve.evalgo.org/security/certs.go:162.2,165.16 3 1
eve.evalgo.org/security/certs.go:165.16,167.3 1 0
eve.evalgo.org/security/certs.go:169.2,170.12 2 1
eve.evalgo.org/security/certs.go:194.92,200.16 3 1
eve.evalgo.org/security/certs.go:200.16,203.3 2 1
eve.evalgo.org/security/certs.go:204.2,209.62 4 0
eve.evalgo.org/security/certs.go:209.62,210.36 1 0
eve.evalgo.org/security/certs.go:210.36,212.67 1 0
eve.evalgo.org/security/certs.go:212.67,213.13 1 0
eve.evalgo.org/security/certs.go:215.4,219.40 3 0
eve.evalgo.org/security/certs.go:219.40,221.24 2 0
eve.evalgo.org/security/certs.go:221.24,224.6 1 0
eve.evalgo.org/security/certs.go:224.11,227.6 1 0
eve.evalgo.org/security/certs.go:231.4,231.111 1 0
eve.evalgo.org/security/certs.go:231.111,232.81 1 0
eve.evalgo.org/security/certs.go:232.81,234.6 1 0
eve.evalgo.org/security/certs.go:238.4,238.31 1 0
eve.evalgo.org/security/certs.go:238.31,240.5 1 0
eve.evalgo.org/security/certs.go:244.2,244.8 1 0
eve.evalgo.org/security/enc_dec_env.go:47.60,50.16 3 1
eve.evalgo.org/security/enc_dec_env.go:50.16,52.3 1 1
eve.evalgo.org/security/enc_dec_env.go:53.2,54.16 2 1
eve.evalgo.org/security/enc_dec_env.go:54.16,56.3 1 0
eve.evalgo.org/security/enc_dec_env.go:57.2,58.16 2 1
eve.evalgo.org/security/enc_dec_env.go:58.16,60.3 1 0
eve.evalgo.org/security/enc_dec_env.go:61.2,62.44 2 1
eve.evalgo.org/security/enc_dec_env.go:62.44,64.3 1 0
eve.evalgo.org/security/enc_dec_env.go:65.2,66.51 2 1
eve.evalgo.org/security/enc_dec_env.go:81.60,84.16 3 1
eve.evalgo.org/security/enc_dec_env.go:84.16,86.3 1 1
eve.evalgo.org/security/enc_dec_env.go:87.2,88.16 2 1
eve.evalgo.org/security/enc_dec_env.go:88.16,90.3 1 0
eve.evalgo.org/security/enc_dec_env.go:91.2,92.16 2 1
eve.evalgo.org/security/enc_dec_env.go:92.16,94.3 1 0
eve.evalgo.org/security/enc_dec_env.go:95.2,96.33 2 1
eve.evalgo.org/security/enc_dec_env.go:96.33,98.3 1 1
eve.evalgo.org/security/enc_dec_env.go:99.2,101.16 3 1
eve.evalgo.org/security/enc_dec_env.go:101.16,103.3 1 1
eve.evalgo.org/security/enc_dec_env.go:104.2,104.50 1 1
eve.evalgo.org/security/infisical.go:81.102,88.16 3 0
eve.evalgo.org/security/infisical.go:88.16,91.3 2 0
eve.evalgo.org/security/infisical.go:93.2,100.16 2 0
eve.evalgo.org/security/infisical.go:100.16,103.3 2 0
eve.evalgo.org/security/infisical.go:105.2,105.23 1 0
eve.evalgo.org/security/infisical.go:105.23,107.40 2 0
eve.evalgo.org/security/infisical.go:107.40,108.37 1 0
eve.evalgo.org/security/infisical.go:108.37,110.5 1 0
eve.evalgo.org/security/infisical.go:111.4,111.35 1 0
eve.evalgo.org/security/infisical.go:111.35,113.5 1 0
eve.evalgo.org/security/infisical.go:114.4,114.38 1 0
eve.evalgo.org/security/infisical.go:114.38,116.5 1 0
eve.evalgo.org/security/infisical.go:118.3,118.57 1 0
eve.evalgo.org/security/infisical.go:121.2,122.41 2 0
eve.evalgo.org/security/infisical.go:122.41,124.3 1 0
eve.evalgo.org/security/infisical.go:125.2,125.33 1 0
eve.evalgo.org/security/jwt.go:64.47,68.2 1 1
eve.evalgo.org/security/jwt.go:88.93,96.16 3 1
eve.evalgo.org/security/jwt.go:96.16,98.3 1 0
eve.evalgo.org/security/jwt.go:100.2,101.16 2 1
eve.evalgo.org/security/jwt.go:101.16,103.3 1 0
eve.evalgo.org/security/jwt.go:105.2,105.28 1 1
eve.evalgo.org/security/jwt.go:129.75,131.16 2 1
eve.evalgo.org/security/jwt.go:131.16,133.3 1 1
eve.evalgo.org/security/jwt.go:135.2,135.19 1 1
eve.evalgo.org/security/sap_btp_xsuaa.go:89.85,96.16 6 0
eve.evalgo.org/security/sap_btp_xsuaa.go:96.16,98.3 1 0
eve.evalgo.org/security/sap_btp_xsuaa.go:100.2,104.16 4 0
eve.evalgo.org/security/sap_btp_xsuaa.go:104.16,106.3 1 0
eve.evalgo.org/security/sap_btp_xsuaa.go:107.2,109.38 2 0
eve.evalgo.org/security/sap_btp_xsuaa.go:109.38,112.3 2 0
eve.evalgo.org/security/sap_btp_xsuaa.go:114.2,115.16 2 0
eve.evalgo.org/security/sap_btp_xsuaa.go:115.16,117.3 1 0
eve.evalgo.org/security/sap_btp_xsuaa.go:119.2,120.57 2 0
eve.evalgo.org/security/sap_btp_xsuaa.go:120.57,122.3 1 0
eve.evalgo.org/security/sap_btp_xsuaa.go:124.2,124.24 1 0
eve.evalgo.org/security/sap_btp_xsuaa.go:145.55,147.24 2 1
eve.evalgo.org/security/sap_btp_xsuaa.go:147.24,149.3 1 1
eve.evalgo.org/security/sap_btp_xsuaa.go:151.2,152.72 2 1
eve.evalgo.org/security/sap_btp_xsuaa.go:152.72,154.3 1 1
eve.evalgo.org/security/sap_btp_xsuaa.go:156.2,156.30 1 1
eve.evalgo.org/security/sap_btp_xsuaa.go:156.30,158.3 1 1
eve.evalgo.org/security/sap_btp_xsuaa.go:160.2,160.44 1 1
eve.evalgo.org/security/sap_btp_xsuaa.go:185.56,199.16 8 0
eve.evalgo.org/security/sap_btp_xsuaa.go:199.16,201.3 1 0
eve.evalgo.org/security/sap_btp_xsuaa.go:204.2,209.16 5 0
eve.evalgo.org/security/sap_btp_xsuaa.go:209.16,211.3 1 0
eve.evalgo.org/security/sap_btp_xsuaa.go:212.2,216.16 3 0
eve.evalgo.org/security/sap_btp_xsuaa.go:216.16,218.3 1 0
eve.evalgo.org/security/sap_btp_xsuaa.go:221.2,227.23 5 0
eve.evalgo.org/security/sap_btp_xsuaa.go:227.23,229.3 1 0
eve.evalgo.org/security/sap_btp_xsuaa.go:231.2,231.51 1 0
eve.evalgo.org/security/sap_btp_xsuaa.go:251.39,252.54 1 0
eve.evalgo.org/security/sap_btp_xsuaa.go:252.54,253.37 1 0
eve.evalgo.org/security/sap_btp_xsuaa.go:253.37,255.29 1 0
eve.evalgo.org/security/sap_btp_xsuaa.go:255.29,257.5 1 0
eve.evalgo.org/security/sap_btp_xsuaa.go:260.4,261.28 2 0
eve.evalgo.org/security/sap_btp_xsuaa.go:261.28,264.5 2 0
eve.evalgo.org/security/sap_btp_xsuaa.go:267.4,270.20 2 0
eve.evalgo.org/security/sap_btp_xsuaa.go:270.20,272.5 1 0
eve.evalgo.org/security/sap_btp_xsuaa.go:275.4,275.32 1 0
eve.evalgo.org/security/sap_btp_xsuaa.go:275.32,277.5 1 0
eve.evalgo.org/security/sap_btp_xsuaa.go:280.4,280.18 1 0
eve.evalgo.org/security/sap_btp_xsuaa.go:299.48,301.2 1 1
eve.evalgo.org/security/sap_btp_xsuaa.go:315.43,317.2 1 1
eve.evalgo.org/network/downloader.go:41.54,46.2 4 1
eve.evalgo.org/network/downloader.go:51.40,56.2 2 1
eve.evalgo.org/network/downloader.go:76.68,79.16 2 1
eve.evalgo.org/network/downloader.go:79.16,81.3 1 0
eve.evalgo.org/network/downloader.go:82.2,87.16 4 1
eve.evalgo.org/network/downloader.go:87.16,89.3 1 0
eve.evalgo.org/network/downloader.go:92.2,92.17 1 1
eve.evalgo.org/network/downloader.go:92.17,94.3 1 1
eve.evalgo.org/network/downloader.go:97.2,98.16 2 1
eve.evalgo.org/network/downloader.go:98.16,100.3 1 1
eve.evalgo.org/network/downloader.go:101.2,104.38 2 1
eve.evalgo.org/network/downloader.go:104.38,106.3 1 1
eve.evalgo.org/network/downloader.go:109.2,111.16 3 1
eve.evalgo.org/network/downloader.go:111.16,113.3 1 0
eve.evalgo.org/network/downloader.go:116.2,120.16 3 1
eve.evalgo.org/network/downloader.go:120.16,122.3 1 0
eve.evalgo.org/network/downloader.go:124.2,124.12 1 1
eve.evalgo.org/network/http_client.go:12.58,15.16 2 1
eve.evalgo.org/network/http_client.go:15.16,17.3 1 0
eve.evalgo.org/network/http_client.go:18.2,22.69 2 1
eve.evalgo.org/network/http_client.go:22.69,25.4 2 0
eve.evalgo.org/network/http_client.go:28.2,29.16 2 1
eve.evalgo.org/network/http_client.go:29.16,31.3 1 0
eve.evalgo.org/network/http_client.go:33.2,36.16 3 1
eve.evalgo.org/network/http_client.go:36.16,38.3 1 0
eve.evalgo.org/network/http_client.go:39.2,41.38 2 1
eve.evalgo.org/network/http_client.go:41.38,43.3 1 1
eve.evalgo.org/network/http_client.go:45.2,46.16 2 1
eve.evalgo.org/network/http_client.go:46.16,48.3 1 0
eve.evalgo.org/network/http_client.go:49.2,50.12 2 1
eve.evalgo.org/network/ssh.go:40.81,43.16 2 0
eve.evalgo.org/network/ssh.go:43.16,45.3 1 0
eve.evalgo.org/network/ssh.go:47.2,48.16 2 0
eve.evalgo.org/network/ssh.go:48.16,50.3 1 0
eve.evalgo.org/network/ssh.go:53.2,53.23 1 0
eve.evalgo.org/network/ssh.go:53.23,55.3 1 0
eve.evalgo.org/network/ssh.go:58.2,59.16 2 0
eve.evalgo.org/network/ssh.go:59.16,61.3 1 0
eve.evalgo.org/network/ssh.go:63.2,64.16 2 0
eve.evalgo.org/network/ssh.go:64.16,66.3 1 0
eve.evalgo.org/network/ssh.go:69.2,69.59 1 0
eve.evalgo.org/network/ssh.go:90.74,93.21 2 0
eve.evalgo.org/network/ssh.go:93.21,95.3 1 0
eve.evalgo.org/network/ssh.go:98.2,98.40 1 0
eve.evalgo.org/network/ssh.go:98.40,102.17 3 0
eve.evalgo.org/network/ssh.go:102.17,104.4 1 0
eve.evalgo.org/network/ssh.go:107.3,108.17 2 0
eve.evalgo.org/network/ssh.go:108.17,110.4 1 0
eve.evalgo.org/network/ssh.go:113.3,114.17 2 0
eve.evalgo.org/network/ssh.go:114.17,116.4 1 0
eve.evalgo.org/network/ssh.go:117.3,117.21 1 0
eve.evalgo.org/network/ssh.go:121.2,122.16 2 0
eve.evalgo.org/network/ssh.go:122.16,124.3 1 0
eve.evalgo.org/network/ssh.go:125.2,125.20 1 0
eve.evalgo.org/network/ssh.go:144.59,145.20 1 0
eve.evalgo.org/network/ssh.go:146.25,148.17 2 0
eve.evalgo.org/network/ssh.go:148.17,150.4 1 0
eve.evalgo.org/network/ssh.go:151.3,151.18 1 0
eve.evalgo.org/network/ssh.go:153.24,155.17 2 0
eve.evalgo.org/network/ssh.go:155.17,157.4 1 0
eve.evalgo.org/network/ssh.go:158.3,158.18 1 0
eve.evalgo.org/network/ssh.go:160.25,162.17 2 0
eve.evalgo.org/network/ssh.go:162.17,164.4 1 0
eve.evalgo.org/network/ssh.go:165.3,165.18 1 0
eve.evalgo.org/network/ssh.go:167.10,168.92 1 0
eve.evalgo.org/network/ssh.go:194.98,200.16 4 0
eve.evalgo.org/network/ssh.go:200.16,202.3 1 0
eve.evalgo.org/network/ssh.go:205.2,215.16 3 0
eve.evalgo.org/network/ssh.go:215.16,217.3 1 0
eve.evalgo.org/network/ssh.go:218.2,222.16 3 0
eve.evalgo.org/network/ssh.go:222.16,224.3 1 0
eve.evalgo.org/network/ssh.go:225.2,229.16 3 0
eve.evalgo.org/network/ssh.go:229.16,231.3 1 0
eve.evalgo.org/network/ssh.go:234.2,235.12 2 0
eve.evalgo.org/network/ziti.go:75.41,79.2 3 0
eve.evalgo.org/network/ziti.go:201.75,204.16 2 1
eve.evalgo.org/network/ziti.go:204.16,206.3 1 1
eve.evalgo.org/network/ziti.go:209.2,210.16 2 1
eve.evalgo.org/network/ziti.go:210.16,212.3 1 1
eve.evalgo.org/network/ziti.go:215.2,216.82 1 0
eve.evalgo.org/network/ziti.go:216.82,219.4 1 0
eve.evalgo.org/network/ziti.go:222.2,222.27 1 0
eve.evalgo.org/network/ziti.go:244.89,261.16 9 0
eve.evalgo.org/network/ziti.go:261.16,263.3 1 0
eve.evalgo.org/network/ziti.go:264.2,267.28 3 0
eve.evalgo.org/network/ziti.go:267.28,269.17 2 0
eve.evalgo.org/network/ziti.go:269.17,271.4 1 0
eve.evalgo.org/network/ziti.go:272.3,273.37 2 0
eve.evalgo.org/network/ziti.go:276.2,278.28 3 0
eve.evalgo.org/network/ziti.go:297.63,315.16 7 0
eve.evalgo.org/network/ziti.go:315.16,317.3 1 0
eve.evalgo.org/network/ziti.go:318.2,322.31 4 0
eve.evalgo.org/network/ziti.go:343.86,350.2 2 0
eve.evalgo.org/network/ziti.go:371.104,381.2 3 0
eve.evalgo.org/network/ziti.go:401.114,410.2 4 0
eve.evalgo.org/network/ziti.go:429.99,439.2 3 0
eve.evalgo.org/network/ziti.go:452.66,465.16 6 0
eve.evalgo.org/network/ziti.go:465.16,467.3 1 0
eve.evalgo.org/network/ziti.go:468.2,473.35 4 0
eve.evalgo.org/network/ziti.go:473.35,474.24 1 0
eve.evalgo.org/network/ziti.go:474.24,476.4 1 0
eve.evalgo.org/network/ziti.go:479.2,479.57 1 0
eve.evalgo.org/network/ziti.go:492.51,494.16 2 0
eve.evalgo.org/network/ziti.go:494.16,496.3 1 0
eve.evalgo.org/network/ziti.go:497.2,508.16 5 0
eve.evalgo.org/network/ziti.go:508.16,510.3 1 0
eve.evalgo.org/network/ziti.go:511.2,514.16 3 0
eve.evalgo.org/network/ziti.go:514.16,516.3 1 0
eve.evalgo.org/network/ziti.go:518.2,519.12 2 0
eve.evalgo.org/network/ziti.go:532.49,538.16 5 0
eve.evalgo.org/network/ziti.go:538.16,540.3 1 0
eve.evalgo.org/network/ziti.go:541.2,544.16 3 0
eve.evalgo.org/network/ziti.go:544.16,546.3 1 0
eve.evalgo.org/network/ziti.go:547.2,558.16 5 0
eve.evalgo.org/network/ziti.go:558.16,560.3 1 0
eve.evalgo.org/network/ziti.go:561.2,564.67 3 0
eve.evalgo.org/network/ziti.go:564.67,566.3 1 0
eve.evalgo.org/network/ziti.go:568.2,568.35 1 0
eve.evalgo.org/network/ziti.go:568.35,570.3 1 0
eve.evalgo.org/network/ziti.go:571.2,571.12 1 0
eve.evalgo.org/network/ziti.go:585.66,591.16 5 0
eve.evalgo.org/network/ziti.go:591.16,593.3 1 0
eve.evalgo.org/network/ziti.go:594.2,608.16 7 0
eve.evalgo.org/network/ziti.go:608.16,610.3 1 0
eve.evalgo.org/network/ziti.go:611.2,616.36 4 0
eve.evalgo.org/network/ziti.go:616.36,617.25 1 0
eve.evalgo.org/network/ziti.go:617.25,619.4 1 0
eve.evalgo.org/network/ziti.go:622.2,622.73 1 0
eve.evalgo.org/network/zti_conf.go:127.73,129.16 2 1
eve.evalgo.org/network/zti_conf.go:129.16,131.3 1 1
eve.evalgo.org/network/zti_conf.go:132.2,137.44 4 1
eve.evalgo.org/network/zti_conf.go:137.44,139.3 1 0
eve.evalgo.org/network/zti_conf.go:141.2,142.12 2 1
eve.evalgo.org/network/zti_conf.go:145.81,147.16 2 1
eve.evalgo.org/network/zti_conf.go:147.16,149.3 1 1
eve.evalgo.org/network/zti_conf.go:150.2,155.44 4 1
eve.evalgo.org/network/zti_conf.go:155.44,157.3 1 0
eve.evalgo.org/network/zti_conf.go:159.2,160.12 2 1
eve.evalgo.org/network/zti_conf.go:163.51,196.68 2 1
eve.evalgo.org/network/zti_conf.go:196.68,198.3 1 1
eve.evalgo.org/network/zti_conf.go:199.2,199.12 1 1
eve.evalgo.org/network/zti_conf.go:202.53,246.66 2 1
eve.evalgo.org/network/zti_conf.go:246.66,248.3 1 1
eve.evalgo.org/network/zti_conf.go:249.2,249.12 1 1
eve.evalgo.org/common/docker.go:155.60,161.16 3 1
eve.evalgo.org/common/docker.go:161.16,162.13 1 0
eve.evalgo.org/common/docker.go:164.2,164.55 1 1
eve.evalgo.org/common/docker.go:211.62,219.16 4 0
eve.evalgo.org/common/docker.go:219.16,220.13 1 0
eve.evalgo.org/common/docker.go:222.2,222.17 1 0
eve.evalgo.org/common/docker.go:261.83,263.16 2 0
eve.evalgo.org/common/docker.go:263.16,264.13 1 0
eve.evalgo.org/common/docker.go:266.2,266.19 1 0
eve.evalgo.org/common/docker.go:309.67,311.39 2 0
eve.evalgo.org/common/docker.go:311.39,314.115 3 0
eve.evalgo.org/common/docker.go:314.115,315.14 1 0
eve.evalgo.org/common/docker.go:317.3,317.25 1 0
eve.evalgo.org/common/docker.go:362.78,366.16 4 0
eve.evalgo.org/common/docker.go:366.16,368.3 1 0
eve.evalgo.org/common/docker.go:369.2,369.39 1 0
eve.evalgo.org/common/docker.go:369.39,377.3 1 0
eve.evalgo.org/common/docker.go:378.2,378.20 1 0
eve.evalgo.org/common/docker.go:421.75,424.16 3 0
eve.evalgo.org/common/docker.go:424.16,426.3 1 0
eve.evalgo.org/common/docker.go:427.2,428.16 2 0
eve.evalgo.org/common/docker.go:428.16,430.3 1 0
eve.evalgo.org/common/docker.go:431.2,431.26 1 0
eve.evalgo.org/common/docker.go:469.70,471.16 2 0
eve.evalgo.org/common/docker.go:471.16,472.13 1 0
eve.evalgo.org/common/docker.go:474.2,474.15 1 0
eve.evalgo.org/common/docker.go:503.58,505.31 2 0
eve.evalgo.org/common/docker.go:505.31,507.3 1 0
eve.evalgo.org/common/docker.go:564.104,568.46 2 0
eve.evalgo.org/common/docker.go:568.46,570.3 1 0
eve.evalgo.org/common/docker.go:570.8,570.24 1 0
eve.evalgo.org/common/docker.go:570.24,572.49 1 0
eve.evalgo.org/common/docker.go:572.49,574.4 1 0
eve.evalgo.org/common/docker.go:575.3,575.26 1 0
eve.evalgo.org/common/docker.go:575.26,577.4 1 0
eve.evalgo.org/common/docker.go:580.2,581.16 2 0
eve.evalgo.org/common/docker.go:581.16,583.3 1 0
eve.evalgo.org/common/docker.go:584.2,588.32 3 0
eve.evalgo.org/common/docker.go:588.32,590.3 1 0
eve.evalgo.org/common/docker.go:592.2,593.12 2 0
eve.evalgo.org/common/docker.go:599.82,601.16 2 0
eve.evalgo.org/common/docker.go:601.16,602.13 1 0
eve.evalgo.org/common/docker.go:609.90,614.16 2 0
eve.evalgo.org/common/docker.go:614.16,615.13 1 0
eve.evalgo.org/common/docker.go:666.111,673.16 3 0
eve.evalgo.org/common/docker.go:673.16,675.3 1 0
eve.evalgo.org/common/docker.go:677.2,678.16 2 0
eve.evalgo.org/common/docker.go:678.16,680.3 1 0
eve.evalgo.org/common/docker.go:682.2,683.16 2 0
eve.evalgo.org/common/docker.go:683.16,685.3 1 0
eve.evalgo.org/common/docker.go:686.2,688.54 2 0
eve.evalgo.org/common/docker.go:688.54,690.3 1 0
eve.evalgo.org/common/docker.go:692.2,692.12 1 0
eve.evalgo.org/common/docker.go:739.87,743.16 2 0
eve.evalgo.org/common/docker.go:743.16,745.3 1 0
eve.evalgo.org/common/docker.go:746.2,749.16 3 0
eve.evalgo.org/common/docker.go:749.16,751.3 1 0
eve.evalgo.org/common/docker.go:753.2,754.12 2 0
eve.evalgo.org/common/docker.go:802.54,805.16 3 1
eve.evalgo.org/common/docker.go:805.16,807.3 1 1
eve.evalgo.org/common/docker.go:808.2,810.21 3 1
eve.evalgo.org/common/docker.go:810.21,813.49 2 1
eve.evalgo.org/common/docker.go:813.49,814.12 1 1
eve.evalgo.org/common/docker.go:816.3,816.28 1 1
eve.evalgo.org/common/docker.go:818.2,818.38 1 1
eve.evalgo.org/common/docker.go:818.38,820.3 1 0
eve.evalgo.org/common/docker.go:821.2,821.18 1 1
eve.evalgo.org/common/docker.go:875.131,887.16 2 0
eve.evalgo.org/common/docker.go:887.16,890.3 2 0
eve.evalgo.org/common/docker.go:891.2,893.16 3 0
eve.evalgo.org/common/docker.go:893.16,896.3 2 0
eve.evalgo.org/common/docker.go:897.2,898.9 2 0
eve.evalgo.org/common/docker.go:899.22,900.17 1 0
eve.evalgo.org/common/docker.go:900.17,902.4 1 0
eve.evalgo.org/common/docker.go:903.18,903.18 0 0
eve.evalgo.org/common/docker.go:905.2,906.16 2 0
eve.evalgo.org/common/docker.go:906.16,908.3 1 0
eve.evalgo.org/common/docker.go:910.2,911.16 2 0
eve.evalgo.org/common/docker.go:911.16,913.3 1 0
eve.evalgo.org/common/docker.go:914.2,914.20 1 0
eve.evalgo.org/common/docker.go:971.128,975.16 3 0
eve.evalgo.org/common/docker.go:975.16,977.3 1 0
eve.evalgo.org/common/docker.go:979.2,984.16 2 0
eve.evalgo.org/common/docker.go:984.16,986.3 1 0
eve.evalgo.org/common/docker.go:988.2,988.88 1 0
eve.evalgo.org/common/docker.go:988.88,990.3 1 0
eve.evalgo.org/common/docker.go:991.2,992.12 2 0
eve.evalgo.org/common/docker.go:1028.83,1030.16 2 1
eve.evalgo.org/common/docker.go:1030.16,1032.3 1 1
eve.evalgo.org/common/docker.go:1033.2,1036.16 3 1
eve.evalgo.org/common/docker.go:1036.16,1038.3 1 0
eve.evalgo.org/common/docker.go:1040.2,1041.16 2 1
eve.evalgo.org/common/docker.go:1041.16,1043.3 1 0
eve.evalgo.org/common/docker.go:1045.2,1046.16 2 1
eve.evalgo.org/common/docker.go:1046.16,1048.3 1 0
eve.evalgo.org/common/docker.go:1051.2,1053.47 2 1
eve.evalgo.org/common/docker.go:1053.47,1055.3 1 0
eve.evalgo.org/common/docker.go:1057.2,1058.12 2 1
eve.evalgo.org/common/docker.go:1108.83,1114.16 5 1
eve.evalgo.org/common/docker.go:1114.16,1116.3 1 1
eve.evalgo.org/common/docker.go:1118.2,1118.18 1 1
eve.evalgo.org/common/docker.go:1118.18,1119.83 1 1
eve.evalgo.org/common/docker.go:1119.83,1120.18 1 1
eve.evalgo.org/common/docker.go:1120.18,1122.5 1 0
eve.evalgo.org/common/docker.go:1123.4,1123.18 1 1
eve.evalgo.org/common/docker.go:1123.18,1125.5 1 1
eve.evalgo.org/common/docker.go:1126.4,1126.56 1 1
eve.evalgo.org/common/docker.go:1128.8,1130.3 1 1
eve.evalgo.org/common/docker.go:1132.2,1132.16 1 1
eve.evalgo.org/common/docker.go:1132.16,1134.3 1 0
eve.evalgo.org/common/docker.go:1135.2,1135.17 1 1
eve.evalgo.org/common/docker.go:1188.122,1190.16 2 0
eve.evalgo.org/common/docker.go:1190.16,1192.3 1 0
eve.evalgo.org/common/docker.go:1193.2,1196.4 1 0
eve.evalgo.org/common/docker.go:1243.147,1245.16 2 0
eve.evalgo.org/common/docker.go:1245.16,1247.3 1 0
eve.evalgo.org/common/docker.go:1249.2,1253.16 2 0
eve.evalgo.org/common/docker.go:1253.16,1255.3 1 0
eve.evalgo.org/common/docker.go:1257.2,1257.12 1 0
eve.evalgo.org/common/docker.go:1306.108,1308.2 1 0
eve.evalgo.org/common/docker.go:1356.90,1360.16 2 0
eve.evalgo.org/common/docker.go:1360.16,1362.3 1 0
eve.evalgo.org/common/docker.go:1364.2,1364.39 1 0
eve.evalgo.org/common/docker.go:1364.39,1365.37 1 0
eve.evalgo.org/common/docker.go:1365.37,1366.21 1 0
eve.evalgo.org/common/docker.go:1366.21,1368.5 1 0
eve.evalgo.org/common/docker.go:1371.2,1371.19 1 0
eve.evalgo.org/common/docker.go:1428.171,1432.16 2 0
eve.evalgo.org/common/docker.go:1432.16,1434.3 1 0
eve.evalgo.org/common/docker.go:1435.2,1435.87 1 0
eve.evalgo.org/common/docker.go:1435.87,1437.3 1 0
eve.evalgo.org/common/docker.go:1438.2,1438.12 1 0
eve.evalgo.org/common/docker.go:1504.55,1508.16 2 0
eve.evalgo.org/common/docker.go:1508.16,1510.3 1 0
eve.evalgo.org/common/docker.go:1512.2,1514.17 1 0
eve.evalgo.org/common/docker.go:1514.17,1517.3 1 0
eve.evalgo.org/common/docker.go:1519.2,1529.16 2 0
eve.evalgo.org/common/docker.go:1529.16,1531.3 1 0
eve.evalgo.org/common/docker.go:1533.2,1533.109 1 0
eve.evalgo.org/common/docker.go:1533.109,1535.3 1 0
eve.evalgo.org/common/docker.go:1536.2,1537.16 2 0
eve.evalgo.org/common/docker.go:1537.16,1539.3 1 0
eve.evalgo.org/common/docker.go:1540.2,1541.9 2 0
eve.evalgo.org/common/docker.go:1542.22,1543.17 1 0
eve.evalgo.org/common/docker.go:1543.17,1544.14 1 0
eve.evalgo.org/common/docker.go:1546.18,1547.13 1 0
eve.evalgo.org/common/docker.go:1549.2,1549.12 1 0
eve.evalgo.org/common/docker.go:1664.79,1669.2 2 0
eve.evalgo.org/common/docker.go:1758.80,1763.2 2 0
eve.evalgo.org/common/logging.go:149.68,151.46 1 1
eve.evalgo.org/common/logging.go:151.46,154.3 1 1
eve.evalgo.org/common/logging.go:156.2,156.27 1 1
eve.evalgo.org/common/logging.go:279.13,282.2 1 1
eve.evalgo.org/common/shell.go:115.52,127.16 7 1
eve.evalgo.org/common/shell.go:127.16,130.3 1 1
eve.evalgo.org/common/shell.go:133.2,133.26 1 1
eve.evalgo.org/common/shell.go:203.66,207.2 1 1
eve.evalgo.org/common/shell.go:288.39,295.2 3 1
eve.evalgo.org/notification/rapidmail.go:42.56,44.16 2 1
eve.evalgo.org/notification/rapidmail.go:44.16,46.3 1 1
eve.evalgo.org/notification/rapidmail.go:47.2,50.16 3 1
eve.evalgo.org/notification/rapidmail.go:50.16,52.3 1 1
eve.evalgo.org/notification/rapidmail.go:53.2,60.16 6 1
eve.evalgo.org/notification/rapidmail.go:60.16,62.3 1 0
eve.evalgo.org/notification/rapidmail.go:64.2,65.12 2 1
eve.evalgo.org/notification/rapidmail.go:84.74,89.16 3 1
eve.evalgo.org/notification/rapidmail.go:89.16,91.3 1 1
eve.evalgo.org/notification/rapidmail.go:94.2,95.16 2 1
eve.evalgo.org/notification/rapidmail.go:95.16,97.3 1 0
eve.evalgo.org/notification/rapidmail.go:100.2,100.56 1 1
eve.evalgo.org/notification/rapidmail.go:129.118,132.16 2 1
eve.evalgo.org/notification/rapidmail.go:132.16,134.3 1 1
eve.evalgo.org/notification/rapidmail.go:137.2,159.16 5 1
eve.evalgo.org/notification/rapidmail.go:159.16,161.3 1 0
eve.evalgo.org/notification/rapidmail.go:164.2,165.16 2 1
eve.evalgo.org/notification/rapidmail.go:165.16,167.3 1 0
eve.evalgo.org/notification/rapidmail.go:170.2,176.16 5 1
eve.evalgo.org/notification/rapidmail.go:176.16,178.3 1 0
eve.evalgo.org/notification/rapidmail.go:179.2,183.16 3 1
eve.evalgo.org/notification/rapidmail.go:183.16,185.3 1 0
eve.evalgo.org/notification/rapidmail.go:187.2,188.12 2 1
eve.evalgo.org/media/images.go:76.88,79.16 2 1
eve.evalgo.org/media/images.go:79.16,81.3 1 1
eve.evalgo.org/media/images.go:82.2,86.16 3 1
eve.evalgo.org/media/images.go:86.16,88.3 1 0
eve.evalgo.org/media/images.go:91.2,92.45 2 1
eve.evalgo.org/media/images.go:92.45,94.3 1 1
eve.evalgo.org/media/images.go:94.8,94.30 1 1
eve.evalgo.org/media/images.go:94.30,99.3 3 1
eve.evalgo.org/media/images.go:99.8,99.31 1 1
eve.evalgo.org/media/images.go:99.31,104.3 3 1
eve.evalgo.org/media/images.go:104.8,107.3 1 1
eve.evalgo.org/media/images.go:110.2,111.16 2 1
eve.evalgo.org/media/images.go:111.16,113.3 1 1
eve.evalgo.org/media/images.go:114.2,117.16 2 1
eve.evalgo.org/media/images.go:118.21,119.72 1 1
eve.evalgo.org/media/images.go:120.13,121.43 1 1
eve.evalgo.org/media/images.go:122.10,123.60 1 0
eve.evalgo.org/media/images.go:126.2,126.12 1 1
eve.evalgo.org/media/images.go:138.52,141.2 2 1
eve.evalgo.org/media/images.go:149.59,151.47 2 1
eve.evalgo.org/media/images.go:151.47,152.48 1 1
eve.evalgo.org/media/images.go:152.48,154.4 1 1
eve.evalgo.org/media/images.go:165.66,169.38 3 1
eve.evalgo.org/media/images.go:169.38,170.39 1 1
eve.evalgo.org/media/images.go:170.39,171.88 1 1
eve.evalgo.org/media/images.go:171.88,173.5 1 1
eve.evalgo.org/media/images.go:204.95,207.16 2 1
eve.evalgo.org/media/images.go:207.16,209.3 1 1
eve.evalgo.org/media/images.go:210.2,214.16 3 1
eve.evalgo.org/media/images.go:214.16,216.3 1 0
eve.evalgo.org/media/images.go:219.2,238.16 8 1
eve.evalgo.org/media/images.go:238.16,240.3 1 1
eve.evalgo.org/media/images.go:241.2,245.13 3 1
eve.evalgo.org/media/images.go:246.23,247.68 1 1
eve.evalgo.org/media/images.go:248.14,249.39 1 1
eve.evalgo.org/media/images.go:250.10,251.57 1 1
eve.evalgo.org/media/images.go:254.2,254.12 1 1
eve.evalgo.org/media/images.go:284.69,286.16 2 1
eve.evalgo.org/media/images.go:286.16,288.3 1 1
eve.evalgo.org/media/images.go:289.2,293.16 3 1
eve.evalgo.org/media/images.go:293.16,295.3 1 0
eve.evalgo.org/media/images.go:297.2,304.43 2 1
eve.evalgo.org/media/images.go:304.43,306.35 1 0
eve.evalgo.org/media/images.go:306.35,308.4 1 0
eve.evalgo.org/media/images.go:308.9,308.42 1 0
eve.evalgo.org/media/images.go:308.42,310.4 1 0
eve.evalgo.org/media/images.go:310.9,312.4 1 0
eve.evalgo.org/media/images.go:313.3,313.19 1 0
eve.evalgo.org/media/images.go:317.2,318.16 2 1
eve.evalgo.org/media/images.go:318.16,320.35 1 1
eve.evalgo.org/media/images.go:320.35,322.4 1 1
eve.evalgo.org/media/images.go:322.9,322.42 1 1
eve.evalgo.org/media/images.go:322.42,324.4 1 1
eve.evalgo.org/media/images.go:324.9,326.4 1 1
eve.evalgo.org/media/images.go:327.3,327.19 1 1
eve.evalgo.org/media/images.go:331.2,332.16 2 0
eve.evalgo.org/media/images.go:332.16,334.35 1 0
eve.evalgo.org/media/images.go:334.35,336.4 1 0
eve.evalgo.org/media/images.go:336.9,336.42 1 0
eve.evalgo.org/media/images.go:336.42,338.4 1 0
eve.evalgo.org/media/images.go:338.9,340.4 1 0
eve.evalgo.org/media/images.go:341.3,341.19 1 0
eve.evalgo.org/media/images.go:344.2,345.16 2 0
eve.evalgo.org/media/images.go:345.16,347.3 1 0
eve.evalgo.org/media/images.go:349.2,360.26 2 0
eve.evalgo.org/media/images.go:361.18,363.35 1 0
eve.evalgo.org/media/images.go:363.35,365.4 1 0
eve.evalgo.org/media/images.go:365.9,365.42 1 0
eve.evalgo.org/media/images.go:365.42,367.4 1 0
eve.evalgo.org/media/images.go:367.9,369.4 1 0
eve.evalgo.org/media/images.go:370.18,372.35 1 0
eve.evalgo.org/media/images.go:372.35,374.4 1 0
eve.evalgo.org/media/images.go:374.9,374.42 1 0
eve.evalgo.org/media/images.go:374.42,376.4 1 0
eve.evalgo.org/media/images.go:376.9,378.4 1 0
eve.evalgo.org/media/images.go:381.2,381.18 1 0
eve.evalgo.org/media/images.go:393.49,395.16 2 1
eve.evalgo.org/media/images.go:395.16,397.3 1 1
eve.evalgo.org/media/images.go:398.2,398.53 1 1
eve.evalgo.org/media/images.go:410.50,412.16 2 1
eve.evalgo.org/media/images.go:412.16,414.3 1 1
eve.evalgo.org/media/images.go:415.2,415.54 1 1
eve.evalgo.org/hr/mocoapp.go:35.49,37.2 1 1
eve.evalgo.org/hr/mocoapp.go:41.50,43.36 2 1
eve.evalgo.org/hr/mocoapp.go:43.36,45.3 1 1
eve.evalgo.org/hr/mocoapp.go:46.2,47.16 2 1
eve.evalgo.org/hr/mocoapp.go:47.16,49.3 1 1
eve.evalgo.org/hr/mocoapp.go:50.2,51.12 2 1
eve.evalgo.org/hr/mocoapp.go:139.65,146.16 6 1
eve.evalgo.org/hr/mocoapp.go:146.16,149.3 2 0
eve.evalgo.org/hr/mocoapp.go:150.2,157.17 6 1
eve.evalgo.org/hr/mocoapp.go:169.92,176.16 6 0
eve.evalgo.org/hr/mocoapp.go:176.16,179.3 2 0
eve.evalgo.org/hr/mocoapp.go:180.2,185.14 5 0
eve.evalgo.org/hr/mocoapp.go:196.59,203.16 6 0
eve.evalgo.org/hr/mocoapp.go:203.16,206.3 2 0
eve.evalgo.org/hr/mocoapp.go:207.2,214.14 6 0
eve.evalgo.org/hr/mocoapp.go:226.89,235.16 7 0
eve.evalgo.org/hr/mocoapp.go:235.16,238.3 2 0
eve.evalgo.org/hr/mocoapp.go:239.2,246.20 6 0
eve.evalgo.org/hr/mocoapp.go:258.83,267.16 7 0
eve.evalgo.org/hr/mocoapp.go:267.16,270.3 2 0
eve.evalgo.org/hr/mocoapp.go:271.2,278.14 6 0
eve.evalgo.org/hr/mocoapp.go:291.97,301.16 7 0
eve.evalgo.org/hr/mocoapp.go:301.16,304.3 2 0
eve.evalgo.org/hr/mocoapp.go:305.2,312.19 6 0
eve.evalgo.org/hr/mocoapp.go:330.71,333.16 2 1
eve.evalgo.org/hr/mocoapp.go:333.16,336.3 2 1
eve.evalgo.org/hr/mocoapp.go:338.2,350.16 4 1
eve.evalgo.org/hr/mocoapp.go:350.16,353.3 2 0
eve.evalgo.org/hr/mocoapp.go:355.2,362.16 7 1
eve.evalgo.org/hr/mocoapp.go:362.16,365.3 2 0
eve.evalgo.org/hr/mocoapp.go:366.2,370.12 4 1
eve.evalgo.org/hr/mocoapp.go:388.54,391.16 2 1
eve.evalgo.org/hr/mocoapp.go:391.16,394.3 2 1
eve.evalgo.org/hr/mocoapp.go:396.2,408.16 4 1
eve.evalgo.org/hr/mocoapp.go:408.16,411.3 2 0
eve.evalgo.org/hr/mocoapp.go:413.2,419.16 6 1
eve.evalgo.org/hr/mocoapp.go:419.16,422.3 2 0
eve.evalgo.org/hr/mocoapp.go:423.2,427.12 4 1
eve.evalgo.org/hr/mocoapp.go:439.75,446.16 6 0
eve.evalgo.org/hr/mocoapp.go:446.16,449.3 2 0
eve.evalgo.org/hr/mocoapp.go:450.2,454.12 4 0
eve.evalgo.org/hr/mocoapp.go:467.106,470.16 3 0
eve.evalgo.org/hr/mocoapp.go:470.16,473.3 2 0
eve.evalgo.org/hr/mocoapp.go:475.2,481.16 6 0
eve.evalgo.org/hr/mocoapp.go:481.16,484.3 2 0
eve.evalgo.org/hr/mocoapp.go:485.2,489.12 4 0
eve.evalgo.org/hr/personio.go:34.57,36.2 1 1
eve.evalgo.org/hr/personio.go:40.58,42.36 2 1
eve.evalgo.org/hr/personio.go:42.36,44.3 1 1
eve.evalgo.org/hr/personio.go:45.2,46.16 2 1
eve.evalgo.org/hr/personio.go:46.16,48.3 1 1
eve.evalgo.org/hr/personio.go:49.2,50.12 2 1
eve.evalgo.org/hr/personio.go:119.78,130.16 9 1
eve.evalgo.org/hr/personio.go:130.16,133.3 2 0
eve.evalgo.org/hr/personio.go:134.2,141.14 6 1
eve.evalgo.org/hr/personio.go:156.72,166.16 8 1
eve.evalgo.org/hr/personio.go:166.16,169.3 2 0
eve.evalgo.org/hr/personio.go:170.2,175.16 5 1
eve.evalgo.org/hr/personio.go:175.16,178.3 2 0
eve.evalgo.org/hr/personio.go:180.2,180.15 1 1
eve.evalgo.org/hr/personio.go:195.60,205.16 8 1
eve.evalgo.org/hr/personio.go:205.16,208.3 2 0
eve.evalgo.org/hr/personio.go:209.2,213.12 4 1
eve.evalgo.org/hr/personio.go:229.91,239.16 8 0
eve.evalgo.org/hr/personio.go:239.16,242.3 2 0
eve.evalgo.org/hr/personio.go:243.2,247.31 4 0
eve.evalgo.org/hr/personio.go:263.70,279.16 13 1
eve.evalgo.org/hr/personio.go:279.16,282.3 2 0
eve.evalgo.org/hr/personio.go:283.2,290.16 6 1
eve.evalgo.org/hr/personio.go:290.16,292.3 1 0
eve.evalgo.org/hr/personio.go:294.2,294.45 1 1
eve.evalgo.org/hr/personio.go:294.45,298.3 1 0
eve.evalgo.org/hr/personio.go:300.2,300.12 1 1
eve.evalgo.org/hr/personio.go:319.106,338.16 15 1
eve.evalgo.org/hr/personio.go:338.16,341.3 2 0
eve.evalgo.org/hr/personio.go:342.2,346.12 4 1
eve.evalgo.org/hr/personio.go:363.64,374.16 9 0
eve.evalgo.org/hr/personio.go:374.16,377.3 2 0
eve.evalgo.org/hr/personio.go:378.2,383.16 5 0
eve.evalgo.org/hr/personio.go:383.16,385.3 1 0
eve.evalgo.org/hr/personio.go:387.2,387.30 1 0
eve.evalgo.org/hr/personio.go:387.30,389.57 2 0
eve.evalgo.org/hr/personio.go:389.57,391.4 1 0
eve.evalgo.org/hr/personio.go:394.2,394.12 1 0
eve.evalgo.org/cloud/azuregraph.go:74.31,76.2 1 1
eve.evalgo.org/cloud/azuregraph.go:147.79,155.16 2 1
eve.evalgo.org/cloud/azuregraph.go:155.16,158.3 2 1
eve.evalgo.org/cloud/azuregraph.go:161.2,182.16 4 1
eve.evalgo.org/cloud/azuregraph.go:182.16,184.3 1 1
eve.evalgo.org/cloud/azuregraph.go:187.2,187.38 1 0
eve.evalgo.org/cloud/azuregraph.go:187.38,191.3 3 0
eve.evalgo.org/cloud/azuregraph.go:193.2,193.12 1 0
eve.evalgo.org/cloud/azuregraph.go:295.121,303.16 2 1
eve.evalgo.org/cloud/azuregraph.go:303.16,306.3 2 1
eve.evalgo.org/cloud/azuregraph.go:309.2,333.16 5 1
eve.evalgo.org/cloud/azuregraph.go:333.16,334.13 1 1
eve.evalgo.org/cloud/azuregraph.go:338.2,343.16 2 0
eve.evalgo.org/cloud/azuregraph.go:343.16,344.13 1 0
eve.evalgo.org/cloud/azuregraph.go:348.2,348.71 1 0
eve.evalgo.org/cloud/azuregraph.go:348.71,353.3 2 0
eve.evalgo.org/cloud/azuregraph.go:355.2,355.12 1 0
eve.evalgo.org/cloud/hetzner.go:88.54,102.24 4 1
eve.evalgo.org/cloud/hetzner.go:102.24,114.17 2 1
eve.evalgo.org/cloud/hetzner.go:114.17,116.4 1 1
eve.evalgo.org/cloud/hetzner.go:117.3,117.27 1 1
eve.evalgo.org/cloud/hetzner.go:174.47,180.16 3 1
eve.evalgo.org/cloud/hetzner.go:180.16,183.3 2 1
eve.evalgo.org/cloud/hetzner.go:185.2,189.16 3 1
eve.evalgo.org/cloud/hetzner.go:189.16,191.3 1 0
eve.evalgo.org/cloud/hetzner.go:192.2,192.23 1 0
eve.evalgo.org/cloud/hetzner.go:257.35,265.33 3 1
eve.evalgo.org/cloud/hetzner.go:265.33,268.17 2 0
eve.evalgo.org/cloud/hetzner.go:268.17,270.4 1 0
eve.evalgo.org/cloud/hetzner.go:272.3,272.20 1 0
eve.evalgo.org/cloud/hetzner.go:272.20,279.4 1 0
eve.evalgo.org/cloud/hetzner.go:279.9,281.4 1 0
eve.evalgo.org/cloud/hetzner.go:357.34,363.16 3 1
eve.evalgo.org/cloud/hetzner.go:363.16,365.3 1 1
eve.evalgo.org/cloud/hetzner.go:368.2,368.43 1 1
eve.evalgo.org/cloud/hetzner.go:368.43,373.36 2 0
eve.evalgo.org/cloud/hetzner.go:373.36,375.4 1 0
eve.evalgo.org/api/jwt.go:41.64,59.2 7 0
eve.evalgo.org/api/jwt.go:88.56,90.37 2 1
eve.evalgo.org/api/jwt.go:90.37,92.3 1 1
eve.evalgo.org/api/jwt.go:94.2,94.22 1 1
eve.evalgo.org/api/jwt.go:94.22,96.3 1 1
eve.evalgo.org/api/jwt.go:98.2,99.16 2 1
eve.evalgo.org/api/jwt.go:99.16,101.3 1 0
eve.evalgo.org/api/jwt.go:103.2,103.59 1 1
eve.evalgo.org/api/jwt.go:127.57,129.41 2 1
eve.evalgo.org/api/jwt.go:129.41,131.3 1 1
eve.evalgo.org/api/jwt.go:134.2,134.32 1 1
eve.evalgo.org/api/jwt.go:134.32,136.3 1 1
eve.evalgo.org/api/jwt.go:139.2,139.29 1 1
eve.evalgo.org/api/jwt.go:139.29,141.3 1 1
eve.evalgo.org/api/jwt.go:142.2,142.25 1 1
eve.evalgo.org/api/jwt.go:142.25,144.3 1 1
eve.evalgo.org/api/jwt.go:146.2,147.16 2 1
eve.evalgo.org/api/jwt.go:147.16,149.3 1 1
eve.evalgo.org/api/jwt.go:151.2,151.93 1 1
eve.evalgo.org/api/jwt.go:169.53,171.21 2 1
eve.evalgo.org/api/jwt.go:171.21,173.3 1 1
eve.evalgo.org/api/jwt.go:175.2,176.16 2 1
eve.evalgo.org/api/jwt.go:176.16,177.42 1 1
eve.evalgo.org/api/jwt.go:177.42,179.4 1 1
eve.evalgo.org/api/jwt.go:180.3,180.106 1 1
eve.evalgo.org/api/jwt.go:183.2,183.35 1 1
eve.evalgo.org/api/jwt.go:205.62,207.17 2 1
eve.evalgo.org/api/jwt.go:207.17,210.17 2 1
eve.evalgo.org/api/jwt.go:210.17,212.4 1 1
eve.evalgo.org/api/jwt.go:213.3,216.5 1 1
eve.evalgo.org/api/jwt.go:220.2,222.41 3 1
eve.evalgo.org/api/jwt.go:222.41,223.26 1 1
eve.evalgo.org/api/jwt.go:223.26,225.9 2 1
eve.evalgo.org/api/jwt.go:229.2,229.14 1 1
eve.evalgo.org/api/jwt.go:229.14,231.3 1 1
eve.evalgo.org/api/jwt.go:233.2,234.16 2 1
eve.evalgo.org/api/jwt.go:234.16,236.3 1 1
eve.evalgo.org/api/jwt.go:238.2,241.4 1 1
eve.evalgo.org/api/rest.go:36.54,37.54 1 1
eve.evalgo.org/api/rest.go:37.54,38.37 1 1
eve.evalgo.org/api/rest.go:38.37,40.36 2 1
eve.evalgo.org/api/rest.go:40.36,42.5 1 1
eve.evalgo.org/api/rest.go:43.4,43.18 1 1
eve.evalgo.org/api/rest.go:79.46,82.40 3 0
eve.evalgo.org/api/rest.go:82.40,84.3 1 0
eve.evalgo.org/api/rest.go:85.2,85.34 1 0
eve.evalgo.org/forge/gitea.go:46.75,48.16 2 0
eve.evalgo.org/forge/gitea.go:48.16,50.3 1 0
eve.evalgo.org/forge/gitea.go:52.2,53.16 2 0
eve.evalgo.org/forge/gitea.go:53.16,55.3 1 0
eve.evalgo.org/forge/gitea.go:56.2,60.16 4 0
eve.evalgo.org/forge/gitea.go:60.16,62.3 1 0
eve.evalgo.org/forge/gitea.go:63.2,65.47 2 0
eve.evalgo.org/forge/gitea.go:65.47,67.3 1 0
eve.evalgo.org/forge/gitea.go:69.2,69.22 1 0
eve.evalgo.org/forge/gitlab.go:70.45,72.16 2 0
eve.evalgo.org/forge/gitlab.go:72.16,74.3 1 0
eve.evalgo.org/forge/gitlab.go:76.2,77.16 2 0
eve.evalgo.org/forge/gitlab.go:77.16,79.3 1 0
eve.evalgo.org/forge/gitlab.go:80.2,80.33 1 0
eve.evalgo.org/forge/gitlab.go:80.33,82.3 1 0
eve.evalgo.org/forge/gitlab.go:83.2,83.12 1 0
eve.evalgo.org/forge/gitlab.go:103.110,105.171 1 0
eve.evalgo.org/forge/gitlab.go:105.171,107.3 1 0
eve.evalgo.org/forge/gitlab.go:110.2,111.16 2 0
eve.evalgo.org/forge/gitlab.go:111.16,113.3 1 0
eve.evalgo.org/forge/gitlab.go:116.2,117.71 2 0
eve.evalgo.org/forge/gitlab.go:117.71,119.3 1 0
eve.evalgo.org/forge/gitlab.go:122.2,123.16 2 0
eve.evalgo.org/forge/gitlab.go:123.16,125.3 1 0
eve.evalgo.org/forge/gitlab.go:128.2,129.138 2 0
eve.evalgo.org/forge/gitlab.go:129.138,131.3 1 0
eve.evalgo.org/forge/gitlab.go:132.2,132.102 1 0
eve.evalgo.org/forge/gitlab.go:132.102,134.3 1 0
eve.evalgo.org/forge/gitlab.go:135.2,135.137 1 0
eve.evalgo.org/forge/gitlab.go:135.137,137.3 1 0
eve.evalgo.org/forge/gitlab.go:138.2,138.12 1 0
eve.evalgo.org/forge/gitlab.go:155.96,157.16 2 0
eve.evalgo.org/forge/gitlab.go:157.16,159.3 1 0
eve.evalgo.org/forge/gitlab.go:161.2,168.16 3 0
eve.evalgo.org/forge/gitlab.go:168.16,170.3 1 0
eve.evalgo.org/forge/gitlab.go:172.2,173.17 2 0
eve.evalgo.org/forge/gitlab.go:188.85,190.16 2 0
eve.evalgo.org/forge/gitlab.go:190.16,192.3 1 0
eve.evalgo.org/forge/gitlab.go:195.2,199.16 3 0
eve.evalgo.org/forge/gitlab.go:199.16,201.3 1 0
eve.evalgo.org/forge/gitlab.go:203.2,203.25 1 0
eve.evalgo.org/forge/gitlab.go:203.25,206.3 2 0
eve.evalgo.org/forge/gitlab.go:208.2,210.37 2 0
eve.evalgo.org/forge/gitlab.go:210.37,213.17 3 0
eve.evalgo.org/forge/gitlab.go:213.17,215.12 2 0
eve.evalgo.org/forge/gitlab.go:218.3,218.28 1 0
eve.evalgo.org/forge/gitlab.go:218.28,228.4 2 0
eve.evalgo.org/forge/gitlab.go:231.2,232.21 2 0
eve.evalgo.org/forge/gitlab.go:247.92,249.16 2 0
eve.evalgo.org/forge/gitlab.go:249.16,251.3 1 0
eve.evalgo.org/forge/gitlab.go:253.2,254.30 2 0
eve.evalgo.org/forge/gitlab.go:254.30,255.57 1 0
eve.evalgo.org/forge/gitlab.go:255.57,257.4 1 0
eve.evalgo.org/forge/gitlab.go:260.2,261.25 2 0
eve.evalgo.org/forge/gitlab.go:276.88,278.16 2 0
eve.evalgo.org/forge/gitlab.go:278.16,280.3 1 0
eve.evalgo.org/forge/gitlab.go:283.2,284.16 2 0
eve.evalgo.org/forge/gitlab.go:284.16,286.3 1 0
eve.evalgo.org/forge/gitlab.go:288.2,305.83 2 0
eve.evalgo.org/forge/gitlab.go:305.83,307.17 2 0
eve.evalgo.org/forge/gitlab.go:307.17,309.4 1 0
eve.evalgo.org/forge/gitlab.go:309.9,311.18 2 0
eve.evalgo.org/forge/gitlab.go:311.18,313.5 1 0
eve.evalgo.org/forge/gitlab.go:313.10,316.31 2 0
eve.evalgo.org/forge/gitlab.go:316.31,318.6 1 0
eve.evalgo.org/forge/gitlab.go:322.2,322.24 1 0
eve.evalgo.org/forge/gitlab.go:337.75,339.16 2 0
eve.evalgo.org/forge/gitlab.go:339.16,341.3 1 0
eve.evalgo.org/forge/gitlab.go:344.2,353.33 9 0
eve.evalgo.org/forge/gitlab.go:353.33,355.3 1 0
eve.evalgo.org/forge/gitlab.go:357.2,357.34 1 0
eve.evalgo.org/forge/gitlab.go:357.34,360.3 2 0
eve.evalgo.org/forge/gitlab.go:362.2,366.35 3 0
eve.evalgo.org/forge/gitlab.go:366.35,368.37 2 0
eve.evalgo.org/forge/gitlab.go:368.37,370.4 1 0
eve.evalgo.org/forge/gitlab.go:371.3,371.36 1 0
eve.evalgo.org/forge/gitlab.go:371.36,373.4 1 0
eve.evalgo.org/forge/gitlab.go:374.3,374.32 1 0
eve.evalgo.org/forge/gitlab.go:374.32,378.23 4 0
eve.evalgo.org/forge/gitlab.go:378.23,380.5 1 0
eve.evalgo.org/forge/gitlab.go:381.4,381.44 1 0
eve.evalgo.org/forge/gitlab.go:381.44,382.42 1 0
eve.evalgo.org/forge/gitlab.go:382.42,384.6 1 0
eve.evalgo.org/forge/gitlab.go:389.2,389.12 1 0
eve.evalgo.org/forge/gitlab.go:400.49,406.29 4 1
eve.evalgo.org/forge/gitlab.go:406.29,407.41 1 1
eve.evalgo.org/forge/gitlab.go:407.41,408.39 1 1
eve.evalgo.org/forge/gitlab.go:408.39,410.10 2 1
eve.evalgo.org/forge/gitlab.go:416.2,416.25 1 1
eve.evalgo.org/forge/gitlab.go:416.25,418.26 2 1
eve.evalgo.org/forge/gitlab.go:418.26,420.4 1 1
eve.evalgo.org/forge/gitlab.go:421.3,421.48 1 1
eve.evalgo.org/forge/gitlab.go:424.2,424.55 1 1
eve.evalgo.org/forge/gitlab.go:436.51,439.16 2 1
eve.evalgo.org/forge/gitlab.go:439.16,441.3 1 0
eve.evalgo.org/forge/gitlab.go:442.2,446.16 3 1
eve.evalgo.org/forge/gitlab.go:446.16,448.3 1 1
eve.evalgo.org/forge/gitlab.go:449.2,451.38 2 1
eve.evalgo.org/forge/gitlab.go:451.38,453.3 1 1
eve.evalgo.org/forge/gitlab.go:456.2,457.12 2 1
eve.evalgo.org/forge/gitlab.go:473.96,479.26 2 0
eve.evalgo.org/forge/gitlab.go:479.26,481.17 2 0
eve.evalgo.org/forge/gitlab.go:481.17,483.4 1 0
eve.evalgo.org/forge/gitlab.go:485.3,485.29 1 0
eve.evalgo.org/forge/gitlab.go:485.29,488.12 3 0
eve.evalgo.org/forge/gitlab.go:491.3,491.29 1 0
eve.evalgo.org/forge/gitlab.go:491.29,493.4 1 0
eve.evalgo.org/forge/gitlab.go:495.3,495.63 1 0
eve.evalgo.org/forge/gitlab.go:495.63,497.4 1 0
eve.evalgo.org/forge/gitlab.go:499.3,499.13 1 0
eve.evalgo.org/forge/gitlab.go:502.2,502.54 1 0
eve.evalgo.org/forge/gitlab.go:514.51,516.16 2 1
eve.evalgo.org/forge/gitlab.go:516.16,518.3 1 0
eve.evalgo.org/forge/gitlab.go:519.2,521.27 2 1
eve.evalgo.org/forge/gitlab.go:521.27,524.21 2 1
eve.evalgo.org/forge/gitlab.go:524.21,525.12 1 0
eve.evalgo.org/forge/gitlab.go:528.3,531.27 3 1
eve.evalgo.org/forge/gitlab.go:531.27,533.12 2 1
eve.evalgo.org/forge/gitlab.go:536.3,536.71 1 1
eve.evalgo.org/forge/gitlab.go:536.71,538.4 1 0
eve.evalgo.org/forge/gitlab.go:540.3,541.17 2 1
eve.evalgo.org/forge/gitlab.go:541.17,543.4 1 0
eve.evalgo.org/forge/gitlab.go:544.3,547.17 3 1
eve.evalgo.org/forge/gitlab.go:547.17,549.4 1 0
eve.evalgo.org/forge/gitlab.go:551.3,551.44 1 1
eve.evalgo.org/forge/gitlab.go:551.44,554.4 2 0
eve.evalgo.org/forge/gitlab.go:556.3,556.14 1 1
eve.evalgo.org/forge/gitlab.go:559.2,559.12 1 1
eve.evalgo.org/forge/gitlab.go:571.40,573.16 2 1
eve.evalgo.org/forge/gitlab.go:573.16,575.3 1 1
eve.evalgo.org/forge/gitlab.go:576.2,578.27 2 1
eve.evalgo.org/forge/gitlab.go:578.27,581.27 2 1
eve.evalgo.org/forge/gitlab.go:581.27,583.12 2 0
eve.evalgo.org/forge/gitlab.go:587.3,587.71 1 1
eve.evalgo.org/forge/gitlab.go:587.71,589.4 1 0
eve.evalgo.org/forge/gitlab.go:592.3,593.17 2 1
eve.evalgo.org/forge/gitlab.go:593.17,595.4 1 0
eve.evalgo.org/forge/gitlab.go:597.3,598.17 2 1
eve.evalgo.org/forge/gitlab.go:598.17,600.4 1 0
eve.evalgo.org/forge/gitlab.go:602.3,608.17 4 1
eve.evalgo.org/forge/gitlab.go:608.17,610.4 1 0
eve.evalgo.org/forge/gitlab.go:613.2,613.12 1 1
eve.evalgo.org/forge/gitlab.go:629.81,631.16 2 0
eve.evalgo.org/forge/gitlab.go:631.16,633.3 1 0
eve.evalgo.org/forge/gitlab.go:635.2,643.85 7 0
eve.evalgo.org/forge/gitlab.go:643.85,645.3 1 0
eve.evalgo.org/forge/gitlab.go:647.2,647.47 1 0
eve.evalgo.org/storage/s3aws.go:168.113,170.16 2 0
eve.evalgo.org/storage/s3aws.go:170.16,172.3 1 0
eve.evalgo.org/storage/s3aws.go:173.2,181.16 3 0
eve.evalgo.org/storage/s3aws.go:181.16,183.3 1 0
eve.evalgo.org/storage/s3aws.go:185.2,186.12 2 0
eve.evalgo.org/storage/s3aws.go:223.92,227.16 2 0
eve.evalgo.org/storage/s3aws.go:227.16,229.3 1 0
eve.evalgo.org/storage/s3aws.go:231.2,234.16 2 0
eve.evalgo.org/storage/s3aws.go:234.16,236.3 1 0
eve.evalgo.org/storage/s3aws.go:237.2,237.12 1 0
eve.evalgo.org/storage/s3aws.go:285.119,291.79 2 1
eve.evalgo.org/storage/s3aws.go:291.79,297.5 1 1
eve.evalgo.org/storage/s3aws.go:299.2,299.16 1 1
eve.evalgo.org/storage/s3aws.go:299.16,301.3 1 0
eve.evalgo.org/storage/s3aws.go:304.2,304.54 1 1
eve.evalgo.org/storage/s3aws.go:304.54,307.3 2 1
eve.evalgo.org/storage/s3aws.go:310.2,314.16 2 1
eve.evalgo.org/storage/s3aws.go:314.16,316.3 1 0
eve.evalgo.org/storage/s3aws.go:318.2,318.29 1 1
eve.evalgo.org/storage/s3aws.go:375.117,381.79 2 1
eve.evalgo.org/storage/s3aws.go:381.79,387.5 1 1
eve.evalgo.org/storage/s3aws.go:389.2,389.16 1 1
eve.evalgo.org/storage/s3aws.go:389.16,391.3 1 0
eve.evalgo.org/storage/s3aws.go:394.2,394.54 1 1
eve.evalgo.org/storage/s3aws.go:394.54,397.3 2 1
eve.evalgo.org/storage/s3aws.go:400.2,403.16 2 1
eve.evalgo.org/storage/s3aws.go:403.16,405.3 1 0
eve.evalgo.org/storage/s3aws.go:408.2,412.16 2 1
eve.evalgo.org/storage/s3aws.go:412.16,414.29 2 1
eve.evalgo.org/storage/s3aws.go:414.29,416.4 1 1
eve.evalgo.org/storage/s3aws.go:417.3,417.93 1 0
eve.evalgo.org/storage/s3aws.go:419.2,422.69 2 1
eve.evalgo.org/storage/s3aws.go:422.69,424.3 1 0
eve.evalgo.org/storage/s3aws.go:427.2,428.16 2 1
eve.evalgo.org/storage/s3aws.go:428.16,430.3 1 0
eve.evalgo.org/storage/s3aws.go:431.2,435.16 3 1
eve.evalgo.org/storage/s3aws.go:435.16,437.3 1 0
eve.evalgo.org/storage/s3aws.go:439.2,439.12 1 1
eve.evalgo.org/storage/s3aws.go:483.123,489.79 2 1
eve.evalgo.org/storage/s3aws.go:489.79,495.5 1 1
eve.evalgo.org/storage/s3aws.go:497.2,497.16 1 1
eve.evalgo.org/storage/s3aws.go:497.16,499.3 1 0
eve.evalgo.org/storage/s3aws.go:502.2,502.54 1 1
eve.evalgo.org/storage/s3aws.go:502.54,505.3 2 1
eve.evalgo.org/storage/s3aws.go:508.2,512.16 2 1
eve.evalgo.org/storage/s3aws.go:512.16,514.3 1 0
eve.evalgo.org/storage/s3aws.go:517.2,517.39 1 1
eve.evalgo.org/storage/s3aws.go:517.39,519.102 2 1
eve.evalgo.org/storage/s3aws.go:519.102,521.4 1 0
eve.evalgo.org/storage/s3aws.go:524.2,524.12 1 1
eve.evalgo.org/storage/s3aws.go:555.110,561.79 2 1
eve.evalgo.org/storage/s3aws.go:561.79,567.5 1 1
eve.evalgo.org/storage/s3aws.go:569.2,569.16 1 1
eve.evalgo.org/storage/s3aws.go:569.16,571.3 1 0
eve.evalgo.org/storage/s3aws.go:574.2,574.54 1 1
eve.evalgo.org/storage/s3aws.go:574.54,577.3 2 1
eve.evalgo.org/storage/s3aws.go:580.2,583.16 2 1
eve.evalgo.org/storage/s3aws.go:583.16,585.3 1 0
eve.evalgo.org/storage/s3aws.go:588.2,591.16 2 1
eve.evalgo.org/storage/s3aws.go:591.16,593.3 1 0
eve.evalgo.org/storage/s3aws.go:595.2,595.29 1 1
eve.evalgo.org/storage/s3aws.go:641.114,647.79 2 1
eve.evalgo.org/storage/s3aws.go:647.79,653.5 1 1
eve.evalgo.org/storage/s3aws.go:655.2,655.16 1 1
eve.evalgo.org/storage/s3aws.go:655.16,657.3 1 0
eve.evalgo.org/storage/s3aws.go:660.2,660.54 1 1
eve.evalgo.org/storage/s3aws.go:660.54,662.3 1 1
eve.evalgo.org/storage/s3aws.go:663.2,667.16 3 1
eve.evalgo.org/storage/s3aws.go:667.16,669.3 1 0
eve.evalgo.org/storage/s3aws.go:670.2,674.16 3 1
eve.evalgo.org/storage/s3aws.go:674.16,676.3 1 0
eve.evalgo.org/storage/s3aws.go:679.2,687.16 2 1
eve.evalgo.org/storage/s3aws.go:687.16,689.3 1 0
eve.evalgo.org/storage/s3aws.go:691.2,691.12 1 1
eve.evalgo.org/storage/s3aws.go:730.117,732.16 2 1
eve.evalgo.org/storage/s3aws.go:732.16,734.3 1 0
eve.evalgo.org/storage/s3aws.go:735.2,739.16 3 1
eve.evalgo.org/storage/s3aws.go:739.16,741.3 1 0
eve.evalgo.org/storage/s3aws.go:744.2,752.16 2 1
eve.evalgo.org/storage/s3aws.go:752.16,754.3 1 0
eve.evalgo.org/storage/s3aws.go:756.2,756.12 1 1
eve.evalgo.org/storage/s3aws.go:821.168,825.41 1 1
eve.evalgo.org/storage/s3aws.go:825.41,827.4 1 1
eve.evalgo.org/storage/s3aws.go:829.79,835.5 1 1
eve.evalgo.org/storage/s3aws.go:837.2,837.16 1 1
eve.evalgo.org/storage/s3aws.go:837.16,839.3 1 0
eve.evalgo.org/storage/s3aws.go:842.2,842.54 1 1
eve.evalgo.org/storage/s3aws.go:842.54,844.3 1 1
eve.evalgo.org/storage/s3aws.go:845.2,849.16 3 1
eve.evalgo.org/storage/s3aws.go:849.16,851.3 1 0
eve.evalgo.org/storage/s3aws.go:854.2,854.18 1 1
eve.evalgo.org/storage/s3aws.go:854.18,856.3 1 1
eve.evalgo.org/storage/s3aws.go:857.2,857.93 1 1
eve.evalgo.org/storage/s3aws.go:916.183,923.33 4 1
eve.evalgo.org/storage/s3aws.go:923.33,926.28 2 1
eve.evalgo.org/storage/s3aws.go:926.28,931.17 3 1
eve.evalgo.org/storage/s3aws.go:931.17,931.32 1 1
eve.evalgo.org/storage/s3aws.go:933.4,940.18 3 1
eve.evalgo.org/storage/s3aws.go:940.18,944.5 3 0
eve.evalgo.org/storage/s3aws.go:947.4,951.97 3 1
eve.evalgo.org/storage/s3aws.go:951.97,953.5 1 0
eve.evalgo.org/storage/s3aws.go:953.10,955.5 1 1
eve.evalgo.org/storage/s3aws.go:957.4,957.25 1 1
eve.evalgo.org/storage/s3aws.go:962.2,971.34 4 1
eve.evalgo.org/storage/s3aws.go:971.34,973.21 2 1
eve.evalgo.org/storage/s3aws.go:973.21,975.4 1 1
eve.evalgo.org/storage/s3aws.go:975.9,977.56 2 0
eve.evalgo.org/storage/s3aws.go:977.56,979.5 1 0
eve.evalgo.org/storage/s3aws.go:983.2,983.36 1 1
eve.evalgo.org/storage/s3aws.go:1055.182,1062.39 4 1
eve.evalgo.org/storage/s3aws.go:1062.39,1065.24 2 1
eve.evalgo.org/storage/s3aws.go:1065.24,1070.17 3 1
eve.evalgo.org/storage/s3aws.go:1070.17,1070.32 1 1
eve.evalgo.org/storage/s3aws.go:1072.4,1079.18 3 1
eve.evalgo.org/storage/s3aws.go:1079.18,1083.5 3 0
eve.evalgo.org/storage/s3aws.go:1085.4,1090.18 4 1
eve.evalgo.org/storage/s3aws.go:1090.18,1094.5 3 0
eve.evalgo.org/storage/s3aws.go:1097.4,1102.18 2 1
eve.evalgo.org/storage/s3aws.go:1102.18,1105.26 2 1
eve.evalgo.org/storage/s3aws.go:1105.26,1111.6 5 1
eve.evalgo.org/storage/s3aws.go:1115.4,1115.93 1 1
eve.evalgo.org/storage/s3aws.go:1115.93,1117.5 1 0
eve.evalgo.org/storage/s3aws.go:1117.10,1119.5 1 1
eve.evalgo.org/storage/s3aws.go:1121.4,1121.25 1 1
eve.evalgo.org/storage/s3aws.go:1126.2,1135.34 4 1
eve.evalgo.org/storage/s3aws.go:1135.34,1137.21 2 1
eve.evalgo.org/storage/s3aws.go:1137.21,1139.22 2 1
eve.evalgo.org/storage/s3aws.go:1139.22,1141.5 1 1
eve.evalgo.org/storage/s3aws.go:1142.9,1144.56 2 0
eve.evalgo.org/storage/s3aws.go:1144.56,1146.5 1 0
eve.evalgo.org/storage/s3aws.go:1150.2,1150.36 1 1
eve.evalgo.org/storage/s3aws.go:1192.118,1197.79 1 0
eve.evalgo.org/storage/s3aws.go:1197.79,1202.5 1 0
eve.evalgo.org/storage/s3aws.go:1204.2,1204.16 1 0
eve.evalgo.org/storage/s3aws.go:1204.16,1206.3 1 0
eve.evalgo.org/storage/s3aws.go:1209.2,1209.54 1 0
eve.evalgo.org/storage/s3aws.go:1209.54,1211.3 1 0
eve.evalgo.org/storage/s3aws.go:1214.2,1217.16 2 0
eve.evalgo.org/storage/s3aws.go:1217.16,1219.3 1 0
eve.evalgo.org/storage/s3aws.go:1221.2,1221.29 1 0
eve.evalgo.org/storage/s3aws.go:1271.54,1273.82 2 1
eve.evalgo.org/storage/s3aws.go:1273.82,1274.17 1 1
eve.evalgo.org/storage/s3aws.go:1274.17,1276.4 1 1
eve.evalgo.org/storage/s3aws.go:1277.3,1277.20 1 1
eve.evalgo.org/storage/s3aws.go:1277.20,1279.4 1 1
eve.evalgo.org/storage/s3aws.go:1280.3,1280.13 1 1
eve.evalgo.org/storage/s3aws.go:1282.2,1282.16 1 1
eve.evalgo.org/storage/s3aws.go:1282.16,1284.3 1 1
eve.evalgo.org/storage/s3aws.go:1285.2,1285.19 1 1
eve.evalgo.org/storage/s3aws.go:1344.48,1346.16 2 1
eve.evalgo.org/storage/s3aws.go:1346.16,1348.3 1 1
eve.evalgo.org/storage/s3aws.go:1349.2,1353.47 3 1
eve.evalgo.org/storage/s3aws.go:1353.47,1355.3 1 0
eve.evalgo.org/storage/s3aws.go:1358.2,1358.46 1 1
eve.evalgo.org/kvm/cloudinit.go:19.71,22.27 2 1
eve.evalgo.org/kvm/cloudinit.go:22.27,24.36 2 1
eve.evalgo.org/kvm/cloudinit.go:24.36,26.4 1 1
eve.evalgo.org/kvm/cloudinit.go:29.2,30.23 2 1
eve.evalgo.org/kvm/cloudinit.go:30.23,32.3 1 1
eve.evalgo.org/kvm/cloudinit.go:34.2,48.50 4 1
eve.evalgo.org/kvm/cloudinit.go:48.50,50.3 1 0
eve.evalgo.org/kvm/cloudinit.go:52.2,55.71 3 1
eve.evalgo.org/kvm/cloudinit.go:55.71,57.3 1 0
eve.evalgo.org/kvm/cloudinit.go:58.2,58.71 1 1
eve.evalgo.org/kvm/cloudinit.go:58.71,60.3 1 0
eve.evalgo.org/kvm/cloudinit.go:63.2,65.37 2 1
eve.evalgo.org/kvm/cloudinit.go:65.37,69.38 2 1
eve.evalgo.org/kvm/cloudinit.go:69.38,71.4 1 1
eve.evalgo.org/kvm/cloudinit.go:75.2,78.12 3 1
eve.evalgo.org/kvm/connection.go:16.47,18.2 1 1
eve.evalgo.org/kvm/connection.go:21.59,24.38 3 1
eve.evalgo.org/kvm/connection.go:24.38,26.3 1 1
eve.evalgo.org/kvm/connection.go:27.2,27.17 1 1
eve.evalgo.org/kvm/connection.go:31.45,32.16 1 1
eve.evalgo.org/kvm/connection.go:32.16,34.3 1 1
eve.evalgo.org/kvm/connection.go:35.2,35.12 1 1
eve.evalgo.org/kvm/domain.go:29.48,40.35 2 1
eve.evalgo.org/kvm/domain.go:40.35,43.3 2 1
eve.evalgo.org/kvm/domain.go:46.2,46.61 1 1
eve.evalgo.org/kvm/domain.go:46.61,49.3 2 1
eve.evalgo.org/kvm/domain.go:52.2,53.16 2 1
eve.evalgo.org/kvm/domain.go:53.16,56.3 2 0
eve.evalgo.org/kvm/domain.go:57.2,69.74 5 1
eve.evalgo.org/kvm/domain.go:69.74,72.3 2 1
eve.evalgo.org/kvm/domain.go:74.2,77.67 2 0
eve.evalgo.org/kvm/domain.go:77.67,80.3 2 0
eve.evalgo.org/kvm/domain.go:83.2,92.16 3 0
eve.evalgo.org/kvm/domain.go:92.16,95.3 2 0
eve.evalgo.org/kvm/domain.go:97.2,98.46 2 0
eve.evalgo.org/kvm/domain.go:98.46,101.3 2 0
eve.evalgo.org/kvm/domain.go:103.2,105.16 3 0
eve.evalgo.org/kvm/domain.go:105.16,108.3 2 0
eve.evalgo.org/kvm/domain.go:110.2,111.17 2 0
eve.evalgo.org/kvm/domain.go:111.17,114.3 2 0
eve.evalgo.org/kvm/domain.go:115.2,119.16 4 0
eve.evalgo.org/kvm/domain.go:119.16,123.3 3 0
eve.evalgo.org/kvm/domain.go:125.2,130.15 5 0
eve.evalgo.org/kvm/domain.go:147.54,149.16 2 1
eve.evalgo.org/kvm/domain.go:149.16,151.3 1 1
eve.evalgo.org/kvm/domain.go:152.2,155.16 3 1
eve.evalgo.org/kvm/domain.go:155.16,157.3 1 0
eve.evalgo.org/kvm/domain.go:160.2,164.30 4 1
eve.evalgo.org/kvm/domain.go:164.30,166.17 2 1
eve.evalgo.org/kvm/domain.go:166.17,167.12 1 0
eve.evalgo.org/kvm/domain.go:170.3,170.51 1 1
eve.evalgo.org/kvm/domain.go:170.51,171.12 1 1
eve.evalgo.org/kvm/domain.go:174.3,179.32 5 1
eve.evalgo.org/kvm/domain.go:179.32,183.4 3 0
eve.evalgo.org/kvm/domain.go:186.3,187.47 2 1
eve.evalgo.org/kvm/domain.go:187.47,188.55 1 1
eve.evalgo.org/kvm/domain.go:188.55,190.10 2 1
eve.evalgo.org/kvm/domain.go:194.3,201.5 1 1
eve.evalgo.org/kvm/domain.go:204.2,204.17 1 1
eve.evalgo.org/kvm/domain.go:216.52,224.16 3 1
eve.evalgo.org/kvm/domain.go:224.16,227.3 2 1
eve.evalgo.org/kvm/domain.go:228.2,233.16 4 1
eve.evalgo.org/kvm/domain.go:233.16,236.3 2 1
eve.evalgo.org/kvm/domain.go:238.2,240.16 3 0
eve.evalgo.org/kvm/domain.go:240.16,243.3 2 0
eve.evalgo.org/kvm/domain.go:245.2,246.81 2 0
eve.evalgo.org/kvm/domain.go:246.81,247.48 1 0
eve.evalgo.org/kvm/domain.go:247.48,250.4 2 0
eve.evalgo.org/kvm/domain.go:253.2,254.48 2 0
eve.evalgo.org/kvm/domain.go:254.48,257.3 2 0
eve.evalgo.org/kvm/domain.go:259.2,260.23 2 0
eve.evalgo.org/kvm/domain.go:260.23,262.44 2 0
eve.evalgo.org/kvm/domain.go:262.44,265.4 2 0
eve.evalgo.org/kvm/domain.go:268.2,270.15 3 0
eve.evalgo.org/kvm/network.go:12.115,14.16 2 1
eve.evalgo.org/kvm/network.go:14.16,16.3 1 0
eve.evalgo.org/kvm/network.go:18.2,19.53 2 1
eve.evalgo.org/kvm/network.go:19.53,23.26 2 1
eve.evalgo.org/kvm/network.go:23.26,24.37 1 0
eve.evalgo.org/kvm/network.go:24.37,25.38 1 0
eve.evalgo.org/kvm/network.go:25.38,26.65 1 0
eve.evalgo.org/kvm/network.go:26.65,28.12 2 0
eve.evalgo.org/kvm/network.go:31.5,31.19 1 0
eve.evalgo.org/kvm/network.go:31.19,32.11 1 0
eve.evalgo.org/kvm/network.go:38.3,38.17 1 1
eve.evalgo.org/kvm/network.go:38.17,40.33 2 1
eve.evalgo.org/kvm/network.go:40.33,41.74 1 0
eve.evalgo.org/kvm/network.go:41.74,43.11 2 0
eve.evalgo.org/kvm/network.go:48.3,48.17 1 1
eve.evalgo.org/kvm/network.go:48.17,50.4 1 0
eve.evalgo.org/kvm/network.go:52.3,52.30 1 1
eve.evalgo.org/kvm/network.go:55.2,55.16 1 1
eve.evalgo.org/kvm/network.go:59.95,61.16 2 1
eve.evalgo.org/kvm/network.go:61.16,63.3 1 1
eve.evalgo.org/kvm/network.go:65.2,66.16 2 1
eve.evalgo.org/kvm/network.go:66.16,68.3 1 0
eve.evalgo.org/kvm/network.go:70.2,70.31 1 1
eve.evalgo.org/kvm/network.go:70.31,71.38 1 0
eve.evalgo.org/kvm/network.go:71.38,72.65 1 0
eve.evalgo.org/kvm/network.go:72.65,74.5 1 0
eve.evalgo.org/kvm/network.go:78.2,78.16 1 1
eve.evalgo.org/kvm/types.go:55.40,56.15 1 1
eve.evalgo.org/kvm/types.go:57.21,58.19 1 1
eve.evalgo.org/kvm/types.go:59.20,60.18 1 1
eve.evalgo.org/kvm/types.go:61.21,62.20 1 1
eve.evalgo.org/kvm/types.go:63.21,64.19 1 1
eve.evalgo.org/kvm/types.go:65.10,66.44 1 1
eve.evalgo.org/kvm/validation.go:7.38,10.2 2 1
eve.evalgo.org/kvm/xml.go:19.52,20.24 1 1
eve.evalgo.org/kvm/xml.go:20.24,22.3 1 1
eve.evalgo.org/kvm/xml.go:23.2,23.20 1 1
eve.evalgo.org/kvm/xml.go:23.20,25.3 1 1
eve.evalgo.org/kvm/xml.go:26.2,26.27 1 1
eve.evalgo.org/kvm/xml.go:26.27,28.3 1 1
eve.evalgo.org/kvm/xml.go:30.2,76.52 1 1
eve.evalgo.org/kvm/xml.go:80.46,82.29 2 1
eve.evalgo.org/kvm/xml.go:82.29,84.46 2 1
eve.evalgo.org/kvm/xml.go:84.46,86.19 2 1
eve.evalgo.org/kvm/xml.go:86.19,88.5 1 1
eve.evalgo.org/kvm/xml.go:89.4,89.19 1 1
eve.evalgo.org/kvm/xml.go:89.19,91.18 2 1
eve.evalgo.org/kvm/xml.go:91.18,93.6 1 1
eve.evalgo.org/kvm/xml.go:94.5,94.18 1 1
eve.evalgo.org/kvm/xml.go:94.18,96.6 1 1
eve.evalgo.org/kvm/xml.go:100.2,100.11 1 1
eve.evalgo.org/queue/rabbit.go:70.74,73.16 2 1
eve.evalgo.org/queue/rabbit.go:73.16,75.3 1 1
eve.evalgo.org/queue/rabbit.go:78.2,79.16 2 1
eve.evalgo.org/queue/rabbit.go:79.16,82.3 2 0
eve.evalgo.org/queue/rabbit.go:85.2,93.16 2 1
eve.evalgo.org/queue/rabbit.go:93.16,97.3 3 0
eve.evalgo.org/queue/rabbit.go:99.2,103.8 1 1
eve.evalgo.org/queue/rabbit.go:120.80,123.16 2 1
eve.evalgo.org/queue/rabbit.go:123.16,125.3 1 0
eve.evalgo.org/queue/rabbit.go:128.2,139.16 2 1
eve.evalgo.org/queue/rabbit.go:139.16,141.3 1 0
eve.evalgo.org/queue/rabbit.go:143.2,144.12 2 1
eve.evalgo.org/queue/rabbit.go:155.35,156.22 1 1
eve.evalgo.org/queue/rabbit.go:156.22,158.3 1 1
eve.evalgo.org/queue/rabbit.go:159.2,159.25 1 1
eve.evalgo.org/queue/rabbit.go:159.25,161.3 1 1
eve.evalgo.org/db/basex.go:78.41,89.16 3 1
eve.evalgo.org/db/basex.go:89.16,91.3 1 0
eve.evalgo.org/db/basex.go:94.2,99.16 4 1
eve.evalgo.org/db/basex.go:99.16,101.3 1 0
eve.evalgo.org/db/basex.go:104.2,111.16 5 1
eve.evalgo.org/db/basex.go:111.16,113.3 1 0
eve.evalgo.org/db/basex.go:114.2,118.16 3 1
eve.evalgo.org/db/basex.go:118.16,120.3 1 0
eve.evalgo.org/db/basex.go:122.2,124.12 3 1
eve.evalgo.org/db/basex.go:147.68,154.16 4 1
eve.evalgo.org/db/basex.go:154.16,156.3 1 0
eve.evalgo.org/db/basex.go:159.2,165.16 5 1
eve.evalgo.org/db/basex.go:165.16,167.3 1 0
eve.evalgo.org/db/basex.go:168.2,172.16 3 1
eve.evalgo.org/db/basex.go:172.16,174.3 1 0
eve.evalgo.org/db/basex.go:176.2,178.12 3 1
eve.evalgo.org/db/basex.go:206.56,212.16 3 1
eve.evalgo.org/db/basex.go:212.16,213.13 1 0
eve.evalgo.org/db/basex.go:216.2,222.16 5 1
eve.evalgo.org/db/basex.go:222.16,223.13 1 0
eve.evalgo.org/db/basex.go:225.2,228.30 2 1
eve.evalgo.org/db/basex.go:257.87,260.16 2 1
eve.evalgo.org/db/basex.go:260.16,262.3 1 1
eve.evalgo.org/db/basex.go:265.2,269.16 3 1
eve.evalgo.org/db/basex.go:269.16,271.3 1 0
eve.evalgo.org/db/basex.go:274.2,283.16 6 1
eve.evalgo.org/db/basex.go:283.16,285.3 1 0
eve.evalgo.org/db/basex.go:286.2,290.16 3 1
eve.evalgo.org/db/basex.go:290.16,292.3 1 0
eve.evalgo.org/db/basex.go:295.2,295.53 1 1
eve.evalgo.org/db/basex.go:295.53,302.3 1 1
eve.evalgo.org/db/basex.go:304.2,309.8 1 1
eve.evalgo.org/db/basex.go:336.90,339.16 2 1
eve.evalgo.org/db/basex.go:339.16,341.3 1 0
eve.evalgo.org/db/basex.go:344.2,345.57 2 1
eve.evalgo.org/db/basex.go:345.57,347.3 1 1
eve.evalgo.org/db/basex.go:350.2,352.16 3 1
eve.evalgo.org/db/basex.go:352.16,357.3 1 0
eve.evalgo.org/db/basex.go:359.2,363.8 1 1
eve.evalgo.org/db/basex.go:387.93,390.16 2 1
eve.evalgo.org/db/basex.go:390.16,392.3 1 0
eve.evalgo.org/db/basex.go:395.2,404.16 5 1
eve.evalgo.org/db/basex.go:404.16,406.3 1 0
eve.evalgo.org/db/basex.go:408.2,413.16 5 1
eve.evalgo.org/db/basex.go:413.16,415.3 1 0
eve.evalgo.org/db/basex.go:416.2,419.16 3 1
eve.evalgo.org/db/basex.go:419.16,421.3 1 0
eve.evalgo.org/db/basex.go:423.2,423.53 1 1
eve.evalgo.org/db/basex.go:423.53,430.3 1 1
eve.evalgo.org/db/basex.go:432.2,436.8 1 0
eve.evalgo.org/db/basex.go:462.91,465.13 2 1
eve.evalgo.org/db/basex.go:466.14,467.63 1 1
eve.evalgo.org/db/basex.go:468.70,469.66 1 1
eve.evalgo.org/db/basex.go:470.10,472.60 1 1
eve.evalgo.org/db/basex.go:496.87,498.16 2 1
eve.evalgo.org/db/basex.go:498.16,500.3 1 0
eve.evalgo.org/db/basex.go:502.2,506.16 4 1
eve.evalgo.org/db/basex.go:506.16,508.3 1 0
eve.evalgo.org/db/basex.go:509.2,515.16 5 1
eve.evalgo.org/db/basex.go:515.16,517.3 1 0
eve.evalgo.org/db/basex.go:519.2,525.16 6 1
eve.evalgo.org/db/basex.go:525.16,527.3 1 0
eve.evalgo.org/db/basex.go:528.2,531.16 3 1
eve.evalgo.org/db/basex.go:531.16,533.3 1 0
eve.evalgo.org/db/basex.go:535.2,535.53 1 1
eve.evalgo.org/db/basex.go:535.53,542.3 1 1
eve.evalgo.org/db/basex.go:544.2,549.8 1 0
eve.evalgo.org/db/basex.go:566.45,568.13 2 1
eve.evalgo.org/db/basex.go:569.14,570.27 1 1
eve.evalgo.org/db/basex.go:571.15,572.28 1 1
eve.evalgo.org/db/basex.go:573.14,574.22 1 1
eve.evalgo.org/db/basex.go:575.14,576.20 1 1
eve.evalgo.org/db/basex.go:577.23,578.21 1 1
eve.evalgo.org/db/basex.go:579.14,580.27 1 1
eve.evalgo.org/db/basex.go:581.23,582.22 1 1
eve.evalgo.org/db/basex.go:583.14,584.21 1 1
eve.evalgo.org/db/basex.go:585.14,586.21 1 1
eve.evalgo.org/db/basex.go:587.14,588.27 1 1
eve.evalgo.org/db/basex.go:589.14,590.29 1 1
eve.evalgo.org/db/basex.go:591.13,592.28 1 1
eve.evalgo.org/db/basex.go:593.10,594.36 1 1
eve.evalgo.org/db/couchdb.go:155.33,157.16 2 0
eve.evalgo.org/db/couchdb.go:157.16,158.13 1 0
eve.evalgo.org/db/couchdb.go:161.2,162.13 2 0
eve.evalgo.org/db/couchdb.go:162.13,164.17 2 0
eve.evalgo.org/db/couchdb.go:164.17,166.4 1 0
eve.evalgo.org/db/couchdb.go:168.2,177.16 4 0
eve.evalgo.org/db/couchdb.go:177.16,178.13 1 0
eve.evalgo.org/db/couchdb.go:180.2,180.52 1 0
eve.evalgo.org/db/couchdb.go:237.70,239.16 2 0
eve.evalgo.org/db/couchdb.go:239.16,240.13 1 0
eve.evalgo.org/db/couchdb.go:242.2,243.13 2 0
eve.evalgo.org/db/couchdb.go:243.13,245.17 2 0
eve.evalgo.org/db/couchdb.go:245.17,247.4 1 0
eve.evalgo.org/db/couchdb.go:249.2,251.16 3 0
eve.evalgo.org/db/couchdb.go:251.16,252.13 1 0
eve.evalgo.org/db/couchdb.go:254.2,254.21 1 0
eve.evalgo.org/db/couchdb.go:317.59,319.16 2 0
eve.evalgo.org/db/couchdb.go:319.16,320.13 1 0
eve.evalgo.org/db/couchdb.go:322.2,323.13 2 0
eve.evalgo.org/db/couchdb.go:323.13,325.17 2 0
eve.evalgo.org/db/couchdb.go:325.17,327.4 1 0
eve.evalgo.org/db/couchdb.go:329.2,330.39 2 0
eve.evalgo.org/db/couchdb.go:401.72,403.16 2 1
eve.evalgo.org/db/couchdb.go:403.16,405.3 1 1
eve.evalgo.org/db/couchdb.go:407.2,411.16 3 1
eve.evalgo.org/db/couchdb.go:411.16,413.3 1 1
eve.evalgo.org/db/couchdb.go:415.2,415.13 1 1
eve.evalgo.org/db/couchdb.go:415.13,417.17 2 0
eve.evalgo.org/db/couchdb.go:417.17,419.4 1 0
eve.evalgo.org/db/couchdb.go:422.2,428.8 2 1
eve.evalgo.org/db/couchdb.go:511.102,514.18 2 1
eve.evalgo.org/db/couchdb.go:514.18,516.3 1 1
eve.evalgo.org/db/couchdb.go:517.2,520.19 2 1
eve.evalgo.org/db/couchdb.go:520.19,522.39 2 1
eve.evalgo.org/db/couchdb.go:522.39,532.4 3 0
eve.evalgo.org/db/couchdb.go:532.9,540.4 2 1
eve.evalgo.org/db/couchdb.go:543.2,544.16 2 1
eve.evalgo.org/db/couchdb.go:544.16,546.3 1 0
eve.evalgo.org/db/couchdb.go:548.2,552.8 1 1
eve.evalgo.org/db/couchdb.go:612.83,616.22 3 1
eve.evalgo.org/db/couchdb.go:616.22,617.41 1 1
eve.evalgo.org/db/couchdb.go:617.41,619.4 1 1
eve.evalgo.org/db/couchdb.go:620.3,620.66 1 0
eve.evalgo.org/db/couchdb.go:623.2,624.42 2 1
eve.evalgo.org/db/couchdb.go:624.42,626.3 1 0
eve.evalgo.org/db/couchdb.go:628.2,628.18 1 1
eve.evalgo.org/db/couchdb.go:708.109,720.18 6 0
eve.evalgo.org/db/couchdb.go:720.18,722.44 2 0
eve.evalgo.org/db/couchdb.go:722.44,724.4 1 0
eve.evalgo.org/db/couchdb.go:725.3,725.27 1 0
eve.evalgo.org/db/couchdb.go:728.2,728.35 1 0
eve.evalgo.org/db/couchdb.go:728.35,730.3 1 0
eve.evalgo.org/db/couchdb.go:732.2,732.18 1 0
eve.evalgo.org/db/couchdb.go:802.79,809.18 5 1
eve.evalgo.org/db/couchdb.go:809.18,811.44 2 1
eve.evalgo.org/db/couchdb.go:811.44,813.4 1 0
eve.evalgo.org/db/couchdb.go:814.3,814.27 1 1
eve.evalgo.org/db/couchdb.go:817.2,817.35 1 1
eve.evalgo.org/db/couchdb.go:817.35,819.3 1 0
eve.evalgo.org/db/couchdb.go:821.2,821.18 1 1
eve.evalgo.org/db/couchdb.go:891.63,895.16 3 1
eve.evalgo.org/db/couchdb.go:895.16,897.3 1 1
eve.evalgo.org/db/couchdb.go:899.2,899.12 1 1
eve.evalgo.org/db/couchdb.go:937.40,939.2 1 1
eve.evalgo.org/db/couchdb.go:1012.60,1016.16 3 0
eve.evalgo.org/db/couchdb.go:1016.16,1018.3 1 0
eve.evalgo.org/db/couchdb.go:1019.2,1021.53 2 0
eve.evalgo.org/db/couchdb.go:1021.53,1023.3 1 0
eve.evalgo.org/db/couchdb.go:1025.2,1027.78 2 0
eve.evalgo.org/db/couchdb.go:1027.78,1029.3 1 0
eve.evalgo.org/db/couchdb.go:1030.2,1030.12 1 0
eve.evalgo.org/db/couchdb.go:1081.107,1087.49 3 0
eve.evalgo.org/db/couchdb.go:1087.49,1089.3 1 0
eve.evalgo.org/db/couchdb.go:1092.2,1096.18 4 0
eve.evalgo.org/db/couchdb.go:1096.18,1098.17 2 0
eve.evalgo.org/db/couchdb.go:1098.17,1100.12 2 0
eve.evalgo.org/db/couchdb.go:1103.3,1103.40 1 0
eve.evalgo.org/db/couchdb.go:1103.40,1104.12 1 0
eve.evalgo.org/db/couchdb.go:1107.3,1108.44 2 0
eve.evalgo.org/db/couchdb.go:1108.44,1110.18 2 0
eve.evalgo.org/db/couchdb.go:1110.18,1112.5 1 0
eve.evalgo.org/db/couchdb.go:1113.4,1114.12 2 0
eve.evalgo.org/db/couchdb.go:1118.3,1119.17 2 0
eve.evalgo.org/db/couchdb.go:1119.17,1121.4 1 0
eve.evalgo.org/db/couchdb.go:1122.3,1125.59 3 0
eve.evalgo.org/db/couchdb.go:1125.59,1127.18 2 0
eve.evalgo.org/db/couchdb.go:1127.18,1129.5 1 0
eve.evalgo.org/db/couchdb.go:1130.4,1131.12 2 0
eve.evalgo.org/db/couchdb.go:1134.3,1135.24 2 0
eve.evalgo.org/db/couchdb.go:1135.24,1137.4 1 0
eve.evalgo.org/db/couchdb.go:1140.2,1140.35 1 0
eve.evalgo.org/db/couchdb.go:1140.35,1142.3 1 0
eve.evalgo.org/db/couchdb.go:1144.2,1145.12 2 0
eve.evalgo.org/db/couchdb.go:1182.76,1184.16 2 1
eve.evalgo.org/db/couchdb.go:1184.16,1186.3 1 1
eve.evalgo.org/db/couchdb.go:1187.2,1192.44 4 1
eve.evalgo.org/db/couchdb.go:1192.44,1194.3 1 0
eve.evalgo.org/db/couchdb.go:1196.2,1196.12 1 1
eve.evalgo.org/db/couchdb.go:1240.47,1245.31 3 1
eve.evalgo.org/db/couchdb.go:1245.31,1247.3 1 1
eve.evalgo.org/db/couchdb.go:1250.2,1250.23 1 1
eve.evalgo.org/db/couchdb.go:1250.23,1252.3 1 1
eve.evalgo.org/db/couchdb.go:1254.2,1254.15 1 1
eve.evalgo.org/db/dragonflydb.go:33.62,48.16 5 1
eve.evalgo.org/db/dragonflydb.go:48.16,50.3 1 1
eve.evalgo.org/db/dragonflydb.go:51.2,55.16 3 1
eve.evalgo.org/db/dragonflydb.go:55.16,57.3 1 0
eve.evalgo.org/db/dragonflydb.go:59.2,59.12 1 1
eve.evalgo.org/db/dragonflydb.go:87.52,103.16 6 1
eve.evalgo.org/db/dragonflydb.go:103.16,105.3 1 1
eve.evalgo.org/db/dragonflydb.go:106.2,109.37 2 1
eve.evalgo.org/db/graphdb.go:200.80,202.16 2 0
eve.evalgo.org/db/graphdb.go:202.16,204.3 1 0
eve.evalgo.org/db/graphdb.go:205.2,208.8 1 0
eve.evalgo.org/db/graphdb.go:270.90,273.16 3 1
eve.evalgo.org/db/graphdb.go:273.16,275.3 1 0
eve.evalgo.org/db/graphdb.go:276.2,276.30 1 1
eve.evalgo.org/db/graphdb.go:276.30,278.3 1 1
eve.evalgo.org/db/graphdb.go:279.2,281.16 3 1
eve.evalgo.org/db/graphdb.go:281.16,283.3 1 0
eve.evalgo.org/db/graphdb.go:284.2,285.37 2 1
eve.evalgo.org/db/graphdb.go:285.37,287.17 2 1
eve.evalgo.org/db/graphdb.go:287.17,289.4 1 0
eve.evalgo.org/db/graphdb.go:290.3,292.17 3 1
eve.evalgo.org/db/graphdb.go:292.17,294.4 1 0
eve.evalgo.org/db/graphdb.go:295.3,295.24 1 1
eve.evalgo.org/db/graphdb.go:297.2,297.100 1 1
eve.evalgo.org/db/graphdb.go:346.95,349.16 3 1
eve.evalgo.org/db/graphdb.go:349.16,351.3 1 0
eve.evalgo.org/db/graphdb.go:352.2,352.30 1 1
eve.evalgo.org/db/graphdb.go:352.30,354.3 1 0
eve.evalgo.org/db/graphdb.go:355.2,357.16 3 1
eve.evalgo.org/db/graphdb.go:357.16,359.3 1 0
eve.evalgo.org/db/graphdb.go:360.2,361.37 2 1
eve.evalgo.org/db/graphdb.go:361.37,363.17 2 1
eve.evalgo.org/db/graphdb.go:363.17,365.4 1 0
eve.evalgo.org/db/graphdb.go:366.3,367.50 2 1
eve.evalgo.org/db/graphdb.go:367.50,369.4 1 0
eve.evalgo.org/db/graphdb.go:370.3,370.28 1 1
eve.evalgo.org/db/graphdb.go:372.2,372.119 1 0
eve.evalgo.org/db/graphdb.go:431.94,434.16 3 1
eve.evalgo.org/db/graphdb.go:434.16,436.3 1 0
eve.evalgo.org/db/graphdb.go:437.2,437.30 1 1
eve.evalgo.org/db/graphdb.go:437.30,439.3 1 0
eve.evalgo.org/db/graphdb.go:440.2,442.16 3 1
eve.evalgo.org/db/graphdb.go:442.16,444.3 1 0
eve.evalgo.org/db/graphdb.go:445.2,446.37 2 1
eve.evalgo.org/db/graphdb.go:446.37,448.17 2 1
eve.evalgo.org/db/graphdb.go:448.17,450.4 1 0
eve.evalgo.org/db/graphdb.go:451.3,452.50 2 1
eve.evalgo.org/db/graphdb.go:452.50,454.4 1 0
eve.evalgo.org/db/graphdb.go:455.3,455.28 1 1
eve.evalgo.org/db/graphdb.go:457.2,457.117 1 0
eve.evalgo.org/db/graphdb.go:522.89,528.16 3 1
eve.evalgo.org/db/graphdb.go:528.16,530.3 1 0
eve.evalgo.org/db/graphdb.go:531.2,532.16 2 1
eve.evalgo.org/db/graphdb.go:532.16,534.3 1 1
eve.evalgo.org/db/graphdb.go:535.2,536.16 2 1
eve.evalgo.org/db/graphdb.go:536.16,538.3 1 0
eve.evalgo.org/db/graphdb.go:539.2,540.16 2 1
eve.evalgo.org/db/graphdb.go:540.16,542.3 1 0
eve.evalgo.org/db/graphdb.go:543.2,545.16 3 1
eve.evalgo.org/db/graphdb.go:545.16,547.3 1 0
eve.evalgo.org/db/graphdb.go:548.2,548.30 1 1
eve.evalgo.org/db/graphdb.go:548.30,550.3 1 0
eve.evalgo.org/db/graphdb.go:551.2,554.16 4 1
eve.evalgo.org/db/graphdb.go:554.16,556.3 1 0
eve.evalgo.org/db/graphdb.go:557.2,559.16 3 1
eve.evalgo.org/db/graphdb.go:559.16,561.3 1 0
eve.evalgo.org/db/graphdb.go:562.2,562.42 1 1
eve.evalgo.org/db/graphdb.go:562.42,565.3 2 1
eve.evalgo.org/db/graphdb.go:566.2,566.114 1 0
eve.evalgo.org/db/graphdb.go:636.88,638.16 2 1
eve.evalgo.org/db/graphdb.go:638.16,640.3 1 0
eve.evalgo.org/db/graphdb.go:641.2,644.16 4 1
eve.evalgo.org/db/graphdb.go:644.16,646.3 1 0
eve.evalgo.org/db/graphdb.go:647.2,647.30 1 1
eve.evalgo.org/db/graphdb.go:647.30,649.3 1 0
eve.evalgo.org/db/graphdb.go:650.2,653.16 4 1
eve.evalgo.org/db/graphdb.go:653.16,655.3 1 0
eve.evalgo.org/db/graphdb.go:656.2,658.16 3 1
eve.evalgo.org/db/graphdb.go:658.16,660.3 1 0
eve.evalgo.org/db/graphdb.go:661.2,661.44 1 1
eve.evalgo.org/db/graphdb.go:661.44,664.3 2 1
eve.evalgo.org/db/graphdb.go:665.2,665.112 1 0
eve.evalgo.org/db/graphdb.go:740.84,742.16 2 1
eve.evalgo.org/db/graphdb.go:742.16,744.3 1 1
eve.evalgo.org/db/graphdb.go:745.2,747.16 3 1
eve.evalgo.org/db/graphdb.go:747.16,749.3 1 0
eve.evalgo.org/db/graphdb.go:750.2,753.30 4 1
eve.evalgo.org/db/graphdb.go:753.30,755.3 1 0
eve.evalgo.org/db/graphdb.go:756.2,759.16 4 1
eve.evalgo.org/db/graphdb.go:759.16,761.3 1 0
eve.evalgo.org/db/graphdb.go:762.2,763.16 2 1
eve.evalgo.org/db/graphdb.go:763.16,765.3 1 0
eve.evalgo.org/db/graphdb.go:766.2,767.44 2 1
eve.evalgo.org/db/graphdb.go:767.44,770.3 2 1
eve.evalgo.org/db/graphdb.go:771.2,771.93 1 0
eve.evalgo.org/db/graphdb.go:843.66,848.16 4 1
eve.evalgo.org/db/graphdb.go:848.16,850.3 1 0
eve.evalgo.org/db/graphdb.go:852.2,852.30 1 1
eve.evalgo.org/db/graphdb.go:852.30,854.3 1 1
eve.evalgo.org/db/graphdb.go:856.2,859.16 3 1
eve.evalgo.org/db/graphdb.go:859.16,861.3 1 0
eve.evalgo.org/db/graphdb.go:862.2,865.16 3 1
eve.evalgo.org/db/graphdb.go:865.16,867.3 1 0
eve.evalgo.org/db/graphdb.go:869.2,869.79 1 1
eve.evalgo.org/db/graphdb.go:869.79,872.3 2 1
eve.evalgo.org/db/graphdb.go:874.2,875.108 2 1
eve.evalgo.org/db/graphdb.go:945.68,950.16 5 1
eve.evalgo.org/db/graphdb.go:950.16,952.3 1 0
eve.evalgo.org/db/graphdb.go:953.2,953.30 1 1
eve.evalgo.org/db/graphdb.go:953.30,955.3 1 0
eve.evalgo.org/db/graphdb.go:956.2,958.16 3 1
eve.evalgo.org/db/graphdb.go:958.16,960.3 1 0
eve.evalgo.org/db/graphdb.go:961.2,963.16 3 1
eve.evalgo.org/db/graphdb.go:963.16,965.3 1 0
eve.evalgo.org/db/graphdb.go:966.2,966.44 1 1
eve.evalgo.org/db/graphdb.go:966.44,969.3 2 1
eve.evalgo.org/db/graphdb.go:970.2,970.101 1 0
eve.evalgo.org/db/graphdb.go:1042.80,1045.16 3 1
eve.evalgo.org/db/graphdb.go:1045.16,1047.3 1 0
eve.evalgo.org/db/graphdb.go:1048.2,1048.30 1 1
eve.evalgo.org/db/graphdb.go:1048.30,1050.3 1 0
eve.evalgo.org/db/graphdb.go:1051.2,1053.16 3 1
eve.evalgo.org/db/graphdb.go:1053.16,1055.3 1 0
eve.evalgo.org/db/graphdb.go:1056.2,1057.16 2 1
eve.evalgo.org/db/graphdb.go:1057.16,1059.3 1 0
eve.evalgo.org/db/graphdb.go:1060.2,1062.37 3 1
eve.evalgo.org/db/graphdb.go:1062.37,1065.17 3 1
eve.evalgo.org/db/graphdb.go:1065.17,1067.4 1 0
eve.evalgo.org/db/graphdb.go:1068.3,1068.24 1 1
eve.evalgo.org/db/graphdb.go:1070.2,1070.70 1 1
eve.evalgo.org/db/graphdb.go:1148.83,1151.16 3 1
eve.evalgo.org/db/graphdb.go:1151.16,1153.3 1 0
eve.evalgo.org/db/graphdb.go:1154.2,1157.30 4 1
eve.evalgo.org/db/graphdb.go:1157.30,1159.3 1 1
eve.evalgo.org/db/graphdb.go:1160.2,1162.16 3 1
eve.evalgo.org/db/graphdb.go:1162.16,1164.3 1 0
eve.evalgo.org/db/graphdb.go:1165.2,1166.37 2 1
eve.evalgo.org/db/graphdb.go:1166.37,1168.17 2 1
eve.evalgo.org/db/graphdb.go:1168.17,1170.4 1 0
eve.evalgo.org/db/graphdb.go:1171.3,1172.54 2 1
eve.evalgo.org/db/graphdb.go:1172.54,1174.4 1 0
eve.evalgo.org/db/graphdb.go:1175.3,1175.13 1 1
eve.evalgo.org/db/graphdb.go:1177.2,1177.101 1 0
eve.evalgo.org/db/poolparty.go:168.91,179.2 1 1
eve.evalgo.org/db/poolparty.go:198.89,200.51 1 1
eve.evalgo.org/db/poolparty.go:200.51,202.3 1 1
eve.evalgo.org/db/poolparty.go:205.2,209.16 3 1
eve.evalgo.org/db/poolparty.go:209.16,211.3 1 1
eve.evalgo.org/db/poolparty.go:214.2,215.16 2 1
eve.evalgo.org/db/poolparty.go:215.16,217.3 1 1
eve.evalgo.org/db/poolparty.go:220.2,222.18 2 1
eve.evalgo.org/db/poolparty.go:243.134,246.16 2 1
eve.evalgo.org/db/poolparty.go:246.16,248.3 1 1
eve.evalgo.org/db/poolparty.go:251.2,253.16 3 1
eve.evalgo.org/db/poolparty.go:253.16,255.3 1 0
eve.evalgo.org/db/poolparty.go:257.2,260.55 2 1
eve.evalgo.org/db/poolparty.go:282.95,292.16 6 1
eve.evalgo.org/db/poolparty.go:292.16,294.3 1 0
eve.evalgo.org/db/poolparty.go:297.2,305.16 5 1
eve.evalgo.org/db/poolparty.go:305.16,307.3 1 0
eve.evalgo.org/db/poolparty.go:308.2,312.16 3 1
eve.evalgo.org/db/poolparty.go:312.16,314.3 1 0
eve.evalgo.org/db/poolparty.go:317.2,317.38 1 1
eve.evalgo.org/db/poolparty.go:317.38,319.3 1 1
eve.evalgo.org/db/poolparty.go:321.2,321.18 1 1
eve.evalgo.org/db/poolparty.go:347.147,352.2 3 1
eve.evalgo.org/db/poolparty.go:372.61,390.37 3 1
eve.evalgo.org/db/poolparty.go:390.37,391.40 1 1
eve.evalgo.org/db/poolparty.go:391.40,395.18 3 1
eve.evalgo.org/db/poolparty.go:395.18,396.13 1 0
eve.evalgo.org/db/poolparty.go:399.4,403.18 4 1
eve.evalgo.org/db/poolparty.go:403.18,404.13 1 0
eve.evalgo.org/db/poolparty.go:407.4,409.18 3 1
eve.evalgo.org/db/poolparty.go:409.18,410.13 1 0
eve.evalgo.org/db/poolparty.go:413.4,413.40 1 1
eve.evalgo.org/db/poolparty.go:413.40,417.40 3 1
eve.evalgo.org/db/poolparty.go:417.40,420.6 2 1
eve.evalgo.org/db/poolparty.go:423.5,425.19 3 0
eve.evalgo.org/db/poolparty.go:425.19,429.6 3 0
eve.evalgo.org/db/poolparty.go:434.2,434.56 1 1
eve.evalgo.org/db/poolparty.go:455.81,459.16 3 1
eve.evalgo.org/db/poolparty.go:459.16,461.3 1 0
eve.evalgo.org/db/poolparty.go:463.2,467.16 4 1
eve.evalgo.org/db/poolparty.go:467.16,469.3 1 0
eve.evalgo.org/db/poolparty.go:470.2,473.16 3 1
eve.evalgo.org/db/poolparty.go:473.16,475.3 1 0
eve.evalgo.org/db/poolparty.go:477.2,477.38 1 1
eve.evalgo.org/db/poolparty.go:477.38,479.3 1 1
eve.evalgo.org/db/poolparty.go:481.2,483.16 3 1
eve.evalgo.org/db/poolparty.go:483.16,485.3 1 0
eve.evalgo.org/db/poolparty.go:487.2,487.22 1 1
eve.evalgo.org/db/poolparty.go:501.40,506.35 4 1
eve.evalgo.org/db/poolparty.go:506.35,517.3 10 1
eve.evalgo.org/db/poolparty.go:533.73,541.16 4 0
eve.evalgo.org/db/poolparty.go:541.16,553.3 10 0
eve.evalgo.org/db/poolparty.go:556.2,556.25 1 0
eve.evalgo.org/db/postgres.go:164.27,167.16 2 0
eve.evalgo.org/db/postgres.go:167.16,168.13 1 0
eve.evalgo.org/db/postgres.go:172.2,183.133 7 0
eve.evalgo.org/db/postgres.go:183.133,184.13 1 0
eve.evalgo.org/db/postgres.go:187.2,187.48 1 0
eve.evalgo.org/db/postgres.go:241.33,244.16 2 0
eve.evalgo.org/db/postgres.go:244.16,245.13 1 0
eve.evalgo.org/db/postgres.go:249.2,249.53 1 0
eve.evalgo.org/db/postgres.go:249.53,250.13 1 0
eve.evalgo.org/db/postgres.go:310.63,313.16 2 0
eve.evalgo.org/db/postgres.go:313.16,314.13 1 0
eve.evalgo.org/db/postgres.go:318.2,322.4 1 0
eve.evalgo.org/db/postgres.go:379.36,382.16 2 0
eve.evalgo.org/db/postgres.go:382.16,383.13 1 0
eve.evalgo.org/db/postgres.go:387.2,389.26 3 0
eve.evalgo.org/db/postgres.go:389.26,391.3 1 0
eve.evalgo.org/db/postgres.go:394.2,394.32 1 0
eve.evalgo.org/db/postgres.go:394.32,396.3 1 0
eve.evalgo.org/db/postgres.go:463.69,466.16 2 0
eve.evalgo.org/db/postgres.go:466.16,469.3 2 0
eve.evalgo.org/db/postgres.go:472.2,474.26 3 0
eve.evalgo.org/db/postgres.go:474.26,477.3 2 0
eve.evalgo.org/db/postgres.go:480.2,480.34 1 0
eve.evalgo.org/db/postgres.go:480.34,482.17 2 0
eve.evalgo.org/db/postgres.go:482.17,485.4 2 0
eve.evalgo.org/db/postgres.go:486.3,486.18 1 0
eve.evalgo.org/db/postgres.go:490.2,490.24 1 0
eve.evalgo.org/db/postgres.go:490.24,492.3 1 0
eve.evalgo.org/db/postgres.go:495.2,496.12 2 0
eve.evalgo.org/db/postgres.go:568.73,571.16 2 0
eve.evalgo.org/db/postgres.go:571.16,572.13 1 0
eve.evalgo.org/db/postgres.go:576.2,579.4 1 0
eve.evalgo.org/db/rdf4j.go:193.83,200.16 3 1
eve.evalgo.org/db/rdf4j.go:200.16,202.3 1 0
eve.evalgo.org/db/rdf4j.go:204.2,208.16 4 1
eve.evalgo.org/db/rdf4j.go:208.16,210.3 1 0
eve.evalgo.org/db/rdf4j.go:211.2,213.38 2 1
eve.evalgo.org/db/rdf4j.go:213.38,215.17 2 1
eve.evalgo.org/db/rdf4j.go:215.17,217.4 1 0
eve.evalgo.org/db/rdf4j.go:218.3,218.105 1 1
eve.evalgo.org/db/rdf4j.go:221.2,222.65 2 1
eve.evalgo.org/db/rdf4j.go:222.65,224.3 1 0
eve.evalgo.org/db/rdf4j.go:226.2,227.48 2 1
eve.evalgo.org/db/rdf4j.go:227.48,233.3 1 1
eve.evalgo.org/db/rdf4j.go:235.2,235.19 1 1
eve.evalgo.org/db/rdf4j.go:265.35,267.77 1 0
eve.evalgo.org/db/rdf4j.go:267.77,269.3 1 0
eve.evalgo.org/db/rdf4j.go:270.2,270.13 1 0
eve.evalgo.org/db/rdf4j.go:344.110,347.16 2 0
eve.evalgo.org/db/rdf4j.go:347.16,349.3 1 0
eve.evalgo.org/db/rdf4j.go:352.2,355.26 2 0
eve.evalgo.org/db/rdf4j.go:355.26,357.3 1 0
eve.evalgo.org/db/rdf4j.go:360.2,366.16 3 0
eve.evalgo.org/db/rdf4j.go:366.16,368.3 1 0
eve.evalgo.org/db/rdf4j.go:371.2,378.16 4 0
eve.evalgo.org/db/rdf4j.go:378.16,380.3 1 0
eve.evalgo.org/db/rdf4j.go:381.2,385.16 3 0
eve.evalgo.org/db/rdf4j.go:385.16,387.3 1 0
eve.evalgo.org/db/rdf4j.go:389.2,389.22 1 0
eve.evalgo.org/db/rdf4j.go:467.106,474.16 3 1
eve.evalgo.org/db/rdf4j.go:474.16,476.3 1 0
eve.evalgo.org/db/rdf4j.go:478.2,482.16 4 1
eve.evalgo.org/db/rdf4j.go:482.16,484.3 1 0
eve.evalgo.org/db/rdf4j.go:485.2,487.38 2 1
eve.evalgo.org/db/rdf4j.go:487.38,489.17 2 0
eve.evalgo.org/db/rdf4j.go:489.17,491.4 1 0
eve.evalgo.org/db/rdf4j.go:492.3,492.94 1 0
eve.evalgo.org/db/rdf4j.go:495.2,496.16 2 1
eve.evalgo.org/db/rdf4j.go:496.16,498.3 1 0
eve.evalgo.org/db/rdf4j.go:500.2,500.68 1 1
eve.evalgo.org/db/rdf4j.go:500.68,502.3 1 0
eve.evalgo.org/db/rdf4j.go:504.2,504.12 1 1
eve.evalgo.org/db/rdf4j.go:580.81,587.16 3 1
eve.evalgo.org/db/rdf4j.go:587.16,589.3 1 0
eve.evalgo.org/db/rdf4j.go:591.2,594.16 3 1
eve.evalgo.org/db/rdf4j.go:594.16,596.3 1 0
eve.evalgo.org/db/rdf4j.go:597.2,599.81 2 1
eve.evalgo.org/db/rdf4j.go:599.81,601.17 2 1
eve.evalgo.org/db/rdf4j.go:601.17,603.4 1 0
eve.evalgo.org/db/rdf4j.go:604.3,604.100 1 1
eve.evalgo.org/db/rdf4j.go:607.2,607.12 1 1
eve.evalgo.org/db/rdf4j.go:686.81,709.16 5 1
eve.evalgo.org/db/rdf4j.go:709.16,711.3 1 0
eve.evalgo.org/db/rdf4j.go:713.2,717.16 4 1
eve.evalgo.org/db/rdf4j.go:717.16,719.3 1 0
eve.evalgo.org/db/rdf4j.go:720.2,722.81 2 1
eve.evalgo.org/db/rdf4j.go:722.81,724.21 2 0
eve.evalgo.org/db/rdf4j.go:724.21,726.4 1 0
eve.evalgo.org/db/rdf4j.go:727.3,727.105 1 0
eve.evalgo.org/db/rdf4j.go:730.2,730.12 1 1
eve.evalgo.org/db/rdf4j.go:824.85,848.16 4 1
eve.evalgo.org/db/rdf4j.go:848.16,850.3 1 0
eve.evalgo.org/db/rdf4j.go:852.2,856.16 4 1
eve.evalgo.org/db/rdf4j.go:856.16,858.3 1 0
eve.evalgo.org/db/rdf4j.go:859.2,861.122 2 1
eve.evalgo.org/db/rdf4j.go:861.122,863.17 2 1
eve.evalgo.org/db/rdf4j.go:863.17,865.4 1 0
eve.evalgo.org/db/rdf4j.go:866.3,866.105 1 1
eve.evalgo.org/db/rdf4j.go:869.2,869.12 1 1
